===================================
Epoch 5
===================================
0 0.887348349722 0.930909086693
1 0.887348349722 6.56612935151
2 1.30432671119 4.43450409546
3 1.19886451133 0.887348338228
4 0.887348338228 0.915921271687
5 0.887348338228 1.49417306308
6 1.49417306308 0.887348407189
7 0.887348338228 0.887348338228
8 0.887348338228 1.44815001861
9 1.44815001861 0.887348338228
10 0.887348349722 0.904993367646
11 0.887348349722 1.40167017153
12 0.887348349722 0.904993367646
13 0.887348349722 1.40167017153
14 1.40167015002 0.887348375582
15 0.887348338228 1.09168441177
16 0.887348338228 2.54850551053
17 2.54850551053 0.887348338228
18 0.887348338228 0.887348372709
19 0.887348338228 2.63942512359
20 2.63942512359 0.887348338228
21 0.887348349722 0.887348349722
22 0.887348349722 1.05968869857
23 1.05968869857 0.887348349722
24 0.887348338228 0.887348338228
25 0.887348338228 2.26248563082
26 2.26248563082 0.887348372709
27 0.887348338228 0.887348338228
28 0.887348338228 2.52430205569
29 2.52430205569 0.887348338228
30 0.887348349722 0.887348349722
31 0.887348349722 0.971322813805
32 0.971322813805 0.887348349722
33 0.887348345891 0.887348345891
34 0.887348345891 2.04081949886
35 2.04081949886 0.887348345891
36 0.887348322903 0.887348322903
37 0.887348322903 1.85942571283
38 1.85942571283 0.887348322903
39 0.887348345891 0.908606931072
40 0.887348345891 1.70948803939
41 0.887348345891 0.908606912995
42 0.887348345891 1.70948803939
43 1.7094879754 0.887348363131
44 0.887348322903 0.887348322903
45 0.887348322903 1.41655402129
46 1.41655384555 0.887348391865
47 0.887348322903 0.887348322903
48 0.887348322903 1.70706049335
49 1.70706049335 0.887348322903
50 0.887348345891 0.890822088841
51 0.887348345891 1.23963544924
52 1.23963538195 0.887348380371
53 0.887348322903 0.887348322903
54 0.887348322903 1.57514762653
55 1.57514762653 0.887348322903
56 0.887348391865 0.887348322903
57 0.887348322903 1.91831815978
58 1.91831815978 0.887348322903
59 0.887348345891 0.887348345891
60 0.887348345891 1.24831429638
61 1.24831429638 0.887348345891
62 0.887348322903 0.887348322903
63 0.887348322903 1.93300929296
64 1.93300896571 0.887348391865
65 0.887348322903 0.887348322903
66 0.887348322903 2.91151168053
67 2.91151168053 0.887348322903
68 0.887348345891 0.887348345891
69 0.887348345891 1.20989977335
70 1.20989977335 0.887348345891
71 0.887348338228 0.887348338228
72 0.887348338228 3.74534573753
73 3.74534573753 0.887348338228
74 0.887348292254 0.887348292254
75 0.887348292254 1.86672648304
76 1.86672648304 0.887348292254
77 0.887348338228 0.899626604059
78 0.887348338228 2.17130485239
79 0.887348338228 0.899626604059
80 0.887348338228 2.17130485239
81 2.17130464593 0.887348407189
82 0.887348292254 0.887348292254
83 0.887348292254 1.62000652036
84 1.62000652036 0.887348292254
85 0.887348292254 0.887348292254
86 0.887348292254 2.75743826193
87 2.75743826193 0.887348292254
88 0.887348338228 0.88908181661
89 0.887348338228 1.86413399517
90 1.86413399517 0.887348338228
91 0.887348292254 0.887348292254
92 0.887348292254 1.73287424845
93 1.73287424845 0.887348292254
94 0.887348292254 0.887348292254
95 0.887348292254 2.62515285011
96 2.62515285011 0.887348292254
97 0.887348338228 0.887348338228
98 0.887348338228 1.95054633044
99 1.95054633044 0.887348338228
100 0.887348292254 0.887348292254
101 0.887348292254 2.37949170518
102 2.37949170518 0.887348430176
103 0.887348292254 0.887348292254
104 0.887348292254 3.20421512725
105 3.20421512725 0.887348292254
106 0.887348338228 0.887348338228
107 0.887348338228 2.0956434361
108 2.0956434361 0.887348338228
109 0.887348292254 0.887348292254
110 0.887348292254 3.2336369276
111 3.2336369276 0.887348292254
112 0.887348292254 0.887348292254
113 0.887348292254 3.10691777806
114 3.10691777806 0.887348292254
115 0.887348338228 0.887348338228
116 0.887348338228 2.41320242354
117 2.41320242354 0.887348338228
118 0.887348292254 0.887348292254
119 0.887348292254 4.00951166265
120 4.00951166265 0.887348292254
121 0.887348292254 0.887348292254
122 0.887348292254 3.47991896389
123 3.47991896389 0.887348292254
124 0.887348338228 0.887348338228
125 0.887348338228 2.45328885919
126 2.45328885919 0.887348338228
127 0.887348322903 0.887348391865
128 0.887348322903 5.08872335699
129 5.08872335699 0.887348322903
130 0.887348230955 0.887348230955
131 0.887348230955 3.58989066602
132 3.58989066602 0.887348230955
133 0.887348322903 0.887348322903
134 0.887348322903 3.10450042443
135 0.887348322903 0.887348322903
136 0.887348322903 3.10450042443
137 3.10450042443 0.887348322903
138 0.887348230955 0.887348230955
139 0.887348230955 2.80641235664
140 2.80641235664 0.887348230955
141 0.887348230955 0.887348230955
142 0.887348230955 4.30499761291
143 4.30499761291 0.887348230955
144 0.887348322903 0.887348391865
145 0.887348322903 3.02519120135
146 3.02519120135 0.887348322903
147 0.887348230955 0.887348230955
148 0.887348230955 3.48367237404
149 3.48367237404 0.887348230955
150 0.8873485068 0.887348230955
151 0.887348230955 4.13911023213
152 4.13911023213 0.887348230955
153 0.887348322903 0.887348322903
154 0.887348322903 4.32953827673
155 4.32953827673 0.887348322903
156 0.979512987999 0.887346851734
157 0.887345277833 0.887345277833
===================================
Epoch 10
===================================
0 0.887348349722 0.930909105667
1 0.887348349722 6.44454670007
2 1.25112532227 4.5085752252
3 1.162203228 0.887348338228
4 0.887348338228 0.915921271687
5 0.887348338228 1.46919202747
6 1.46919202747 0.887348338228
7 0.887348338228 0.887348338228
8 0.887348338228 1.4133215955
9 1.4133215955 0.887348338228
10 0.887348349722 0.978967511541
11 0.887348349722 1.43457735836
12 0.887348349722 0.978967490557
13 0.887348349722 1.43457735836
14 1.43457735836 0.887348349722
15 0.887348338228 1.18244807097
16 0.887348338228 2.36344099317
17 2.36344074856 0.887348407189
18 0.887348372709 0.901408506054
19 0.887348338228 2.50826481981
20 2.50826481981 0.887348338228
21 0.887348349722 0.894323140213
22 0.887348349722 1.05565329629
23 1.05565328409 0.887348358342
24 0.887348338228 0.978967476567
25 0.887348338228 2.17623940461
26 2.17623940461 0.887348338228
27 0.887348338228 0.887348338228
28 0.887348338228 2.41367532305
29 2.41367532305 0.887348338228
30 0.887348349722 0.887348358342
31 0.887348349722 0.981256618116
32 0.981256618116 0.887348349722
33 0.887348345891 0.887348363131
34 0.887348345891 2.2341403806
35 2.2341403806 0.887348345891
36 0.887348322903 0.887348322903
37 0.887348322903 1.99190869127
38 1.99190869127 0.887348322903
39 0.887348345891 0.96649361998
40 0.887348345891 1.87200661452
41 0.887348345891 0.966493640433
42 0.887348345891 1.87200661452
43 1.87200653778 0.887348363131
44 0.887348322903 0.887348322903
45 0.887348322903 1.51502672619
46 1.51502672619 0.887348322903
47 0.887348322903 0.887348322903
48 0.887348322903 1.68216424383
49 1.68216424383 0.887348322903
50 0.887348345891 0.914081670066
51 0.887348345891 1.29985381072
52 1.29985381072 0.887348345891
53 0.887348322903 0.887348322903
54 0.887348322903 1.56745580563
55 1.56745580563 0.887348322903
56 0.887348322903 0.887348322903
57 0.887348322903 1.85723804495
58 1.85723804495 0.887348322903
59 0.887348345891 0.894323136322
60 0.887348345891 1.31053413483
61 1.31053405962 0.887348380371
62 0.887348322903 0.887348322903
63 0.887348322903 1.93989394324
64 1.93989394324 0.887348322903
65 0.887348391865 0.887348322903
66 0.887348322903 2.97075613248
67 2.97075613248 0.887348322903
68 0.887348345891 0.887348345891
69 0.887348345891 1.23726700481
70 1.23726700481 0.887348345891
71 0.887348338228 0.887348338228
72 0.887348338228 3.91052003506
73 3.91052003506 0.887348338228
74 0.887348292254 0.887348430176
75 0.887348292254 1.83953805957
76 1.83953805957 0.887348292254
77 0.887348338228 0.936656778719
78 0.887348338228 2.37700997251
79 0.887348338228 0.9366567403
80 0.887348338228 2.37700997251
81 2.37700997251 0.887348372709
82 0.887348292254 0.887348292254
83 0.887348292254 1.72215234318
84 1.72215234318 0.887348430176
85 0.887348292254 0.887348292254
86 0.887348292254 2.71676749013
87 2.71676749013 0.887348292254
88 0.887348338228 0.90499335569
89 0.887348338228 2.0907741149
90 2.0907741149 0.887348338228
91 0.887348292254 0.887348292254
92 0.887348292254 1.77732578046
93 1.77732578046 0.887348292254
94 0.887348430176 0.887348292254
95 0.887348292254 2.52545828291
96 2.52545828291 0.887348292254
97 0.887348338228 0.891694770636
98 0.887348338228 2.15898284534
99 2.15898284534 0.887348338228
100 0.887348292254 0.887348292254
101 0.887348292254 2.39167829917
102 2.39167829917 0.887348292254
103 0.887348292254 0.887348292254
104 0.887348292254 2.93561691109
105 2.93561691109 0.887348292254
106 0.887348338228 0.887348338228
107 0.887348338228 2.22224135354
108 2.22224135354 0.887348338228
109 0.887348292254 0.887348292254
110 0.887348292254 3.14253864394
111 3.14253864394 0.887348292254
112 0.887348568099 0.887348292254
113 0.887348292254 2.92089757233
114 2.92089757233 0.887348292254
115 0.887348338228 0.887348338228
116 0.887348338228 2.57095587102
117 2.57095587102 0.887348338228
118 0.887348292254 0.887348292254
119 0.887348292254 4.09960349395
120 4.09960349395 0.887348292254
121 0.887348292254 0.887348292254
122 0.887348292254 3.64305970019
123 3.64305970019 0.887348292254
124 0.887348338228 0.887348338228
125 0.887348338228 2.68125696183
126 2.68125696183 0.887348338228
127 0.887348322903 0.887348322903
128 0.887348322903 5.56697840562
129 5.56697840562 0.887348322903
130 0.887348230955 0.887348230955
131 0.887348230955 3.55745408702
132 3.55745408702 0.887348230955
133 0.887348322903 0.887348322903
134 0.887348322903 3.28021399568
135 0.887348322903 0.887348322903
136 0.887348322903 3.28021399568
137 3.28021399568 0.887348322903
138 0.887348230955 0.887348230955
139 0.887348230955 2.99293849008
140 2.99293849008 0.887348230955
141 0.887348230955 0.887348230955
142 0.887348230955 4.62024120827
143 4.62024120827 0.887348230955
144 0.887348322903 0.887348322903
145 0.887348322903 3.37575249863
146 3.37575249863 0.887348322903
147 0.887348230955 0.887348230955
148 0.887348230955 4.24719457406
149 4.24719457406 0.887348230955
150 0.887348230955 0.887348230955
151 0.887348230955 4.15785471817
152 4.15785471817 0.887348230955
153 0.887348322903 0.887348322903
154 0.887348322903 4.38026054167
155 4.38026054167 0.887348322903
156 0.983747529669 0.887346851734
157 0.887345277833 0.887345277833
===================================
Epoch 15
===================================
0 0.887348349722 0.93090909618
1 0.887348349722 6.43058587578
2 1.26321379205 4.50636516645
3 1.16097215471 0.887348338228
4 0.887348338228 0.915921271687
5 0.887348338228 1.49883762921
6 1.49883762921 0.887348338228
7 0.887348372709 0.887348338228
8 0.887348338228 1.41195293743
9 1.41195293743 0.887348338228
10 0.887348349722 1.01839880152
11 0.887348349722 1.47238547159
12 0.887348349722 1.01839880152
13 0.887348349722 1.47238547159
14 1.47238547159 0.887348349722
15 0.887348338228 1.20754714143
16 0.887348338228 2.30512131523
17 2.30512108254 0.887348372709
18 0.887348407189 0.915921345161
19 0.887348338228 2.37692782932
20 2.37692782932 0.887348338228
21 0.887348349722 0.897851815455
22 0.887348349722 1.05328588607
23 1.05328588607 0.887348349722
24 0.887348338228 1.01386136613
25 0.887348338228 2.27234233657
26 2.27234211045 0.887348372709
27 0.887348338228 0.887348338228
28 0.887348338228 2.4334410652
29 2.4334410652 0.887348338228
30 0.887348349722 0.887348349722
31 0.887348349722 0.984415995631
32 0.984415995631 0.887348349722
33 0.887348345891 0.894323153834
34 0.887348345891 2.26594841678
35 2.26594841678 0.887348345891
36 0.887348322903 0.887348322903
37 0.887348322903 2.21133367264
38 2.21133367264 0.887348322903
39 0.887348345891 0.983197302163
40 0.887348345891 1.98200845264
41 0.887348345891 0.983197302163
42 0.887348345891 1.98200845264
43 1.98200845264 0.887348345891
44 0.887348322903 0.894323112972
45 0.887348322903 1.64625105844
46 1.64625105844 0.887348391865
47 0.887348322903 0.887348322903
48 0.887348322903 1.64320756108
49 1.64320756108 0.887348322903
50 0.887348345891 0.927068288307
51 0.887348345891 1.37850895596
52 1.37850895596 0.887348345891
53 0.887348322903 0.887348322903
54 0.887348322903 1.61186407095
55 1.61186407095 0.887348322903
56 0.887348322903 0.887348322903
57 0.887348322903 1.87460939119
58 1.87460939119 0.887348322903
59 0.887348345891 0.896084000062
60 0.887348345891 1.38639574414
61 1.38639574414 0.887348345891
62 0.887348322903 0.894323112972
63 0.887348322903 1.90382547755
64 1.90382547755 0.887348322903
65 0.887348322903 0.887348322903
66 0.887348322903 3.07716444306
67 3.07716444306 0.887348322903
68 0.887348345891 0.887348345891
69 0.887348345891 1.28882949407
70 1.28882949407 0.887348345891
71 0.887348338228 0.887348338228
72 0.887348338228 4.01425679979
73 4.01425679979 0.887348338228
74 0.887348292254 0.887348292254
75 0.887348292254 1.85415526545
76 1.85415526545 0.887348292254
77 0.887348338228 0.962405997011
78 0.887348338228 2.50221031673
79 0.887348338228 0.962405997011
80 0.887348338228 2.50221031673
81 2.50221031673 0.887348338228
82 0.887348292254 0.887348292254
83 0.887348292254 1.83472754879
84 1.83472695915 0.887348430176
85 0.887348292254 0.887348292254
86 0.887348292254 2.76819486197
87 2.76819486197 0.887348292254
88 0.887348338228 0.919622794497
89 0.887348338228 2.18467147758
90 2.18467147758 0.887348338228
91 0.887348292254 0.887348292254
92 0.887348292254 1.84983255812
93 1.84983255812 0.887348292254
94 0.887348292254 0.887348292254
95 0.887348292254 2.56389034182
96 2.56389034182 0.887348292254
97 0.887348338228 0.899626674942
98 0.887348338228 2.25359065209
99 2.25359042969 0.887348372709
100 0.887348292254 0.887348292254
101 0.887348292254 2.41550557891
102 2.41550557891 0.887348292254
103 0.887348430176 0.887348292254
104 0.887348292254 2.92024016569
105 2.92024016569 0.887348292254
106 0.887348338228 0.888214266185
107 0.887348338228 2.28730426241
108 2.28730426241 0.887348338228
109 0.887348292254 0.887348292254
110 0.887348292254 3.15029534963
111 3.15029534963 0.887348292254
112 0.887348292254 0.887348292254
113 0.887348292254 2.88406809672
114 2.88406809672 0.887348292254
115 0.887348338228 0.887348338228
116 0.887348338228 2.60320755267
117 2.60320755267 0.887348338228
118 0.887348292254 0.887348430176
119 0.887348292254 4.08002596975
120 4.08002596975 0.887348292254
121 0.887348430176 0.887348292254
122 0.887348292254 3.55223112051
123 3.55223112051 0.887348292254
124 0.887348338228 0.887348338228
125 0.887348338228 2.76246061962
126 2.76246061962 0.887348338228
127 0.887348322903 0.887348322903
128 0.887348322903 5.6695025458
129 5.6695025458 0.887348322903
130 0.887348230955 0.887348230955
131 0.887348230955 3.52853146567
132 3.52853146567 0.887348230955
133 0.887348322903 0.887348391865
134 0.887348322903 3.36203223428
135 0.887348322903 0.887348322903
136 0.887348322903 3.36203223428
137 3.36203223428 0.887348322903
138 0.887348230955 0.887348230955
139 0.887348230955 3.04835495749
140 3.04835495749 0.887348230955
141 0.887348230955 0.887348230955
142 0.887348230955 4.72656716572
143 4.72656716572 0.887348230955
144 0.887348322903 0.887348322903
145 0.887348322903 3.54472589102
146 3.54472589102 0.887348322903
147 0.887348230955 0.887348230955
148 0.887348230955 4.46103298597
149 4.46103298597 0.887348230955
150 0.887348230955 0.887348230955
151 0.887348230955 4.03714978782
152 4.03714978782 0.887348230955
153 0.887348322903 0.887348322903
154 0.887348322903 4.28164644171
155 4.28164644171 0.887348322903
156 0.989142856873 0.887346851734
157 0.887345277833 0.887345277833
===================================
Epoch 20
===================================
0 0.887348349722 0.930909086693
1 0.887348349722 6.3322480024
2 1.23004800193 4.53477765107
3 1.14081224756 0.887348338228
4 0.887348338228 0.930909074043
5 0.887348338228 1.48340765749
6 1.48340765749 0.887348338228
7 0.887348338228 0.887348338228
8 0.887348338228 1.41749703201
9 1.41749703201 0.887348338228
10 0.887348349722 1.05621455036
11 0.887348349722 1.51362801046
12 0.887348349722 1.05621453815
13 0.887348349722 1.51362801046
14 1.51362798538 0.887348358342
15 0.887348338228 1.20754714143
16 0.887348338228 2.33957797121
17 2.33957797121 0.887348372709
18 0.887348338228 0.930909111992
19 0.887348338228 2.14578924733
20 2.14578924733 0.887348338228
21 0.887348349722 0.904993367646
22 0.887348349722 1.07066464606
23 1.07066464606 0.887348349722
24 0.887348338228 1.01386136613
25 0.887348338228 2.27079539046
26 2.27079539046 0.887348338228
27 0.887348338228 0.887348338228
28 0.887348338228 2.29190429932
29 2.29190429932 0.887348338228
30 0.887348349722 0.887348349722
31 0.887348349722 0.988923352491
32 0.988923352491 0.887348349722
33 0.887348345891 0.901408460588
34 0.887348345891 2.30173898075
35 2.30173898075 0.887348345891
36 0.887348322903 0.887348322903
37 0.887348322903 2.34649962171
38 2.34649962171 0.887348322903
39 0.887348345891 1.00048851004
40 0.887348345891 1.9797178921
41 0.887348345891 1.00048851004
42 0.887348345891 1.9797178921
43 1.9797178921 0.887348345891
44 0.887348322903 0.908606888894
45 0.887348322903 1.75055807739
46 1.75055807739 0.887348322903
47 0.887348322903 0.894323112972
48 0.887348322903 1.67282389936
49 1.67282389936 0.887348322903
50 0.887348345891 0.936656768047
51 0.887348345891 1.5349676191
52 1.5349676191 0.887348345891
53 0.887348322903 0.887348322903
54 0.887348322903 1.66040808439
55 1.66040808439 0.887348322903
56 0.887348322903 0.887348322903
57 0.887348322903 1.86776455458
58 1.86776455458 0.887348322903
59 0.887348345891 0.899626611935
60 0.887348345891 1.42153146952
61 1.42153138103 0.887348380371
62 0.887348322903 0.894323112972
63 0.887348322903 1.8928768973
64 1.8928768973 0.887348391865
65 0.887348322903 0.887348322903
66 0.887348322903 3.03620899817
67 3.03620899817 0.887348322903
68 0.887348345891 0.887348345891
69 0.887348345891 1.30618549127
70 1.30618549127 0.887348345891
71 0.887348338228 0.887348338228
72 0.887348338228 3.8950606404
73 3.8950606404 0.887348338228
74 0.887348292254 0.887348292254
75 0.887348292254 1.82040864772
76 1.82040864772 0.887348292254
77 0.887348338228 0.991767535336
78 0.887348338228 2.54757523325
79 0.887348338228 0.991767535336
80 0.887348338228 2.54757523325
81 2.54757523325 0.887348338228
82 0.887348292254 0.887348292254
83 0.887348292254 1.85602456155
84 1.85602456155 0.887348292254
85 0.887348292254 0.887348292254
86 0.887348292254 2.8632834373
87 2.8632834373 0.887348292254
88 0.887348338228 0.940528111371
89 0.887348338228 2.22615620755
90 2.22615620755 0.887348338228
91 0.887348292254 0.887348292254
92 0.887348292254 1.89957819048
93 1.89957819048 0.887348292254
94 0.887348292254 0.887348292254
95 0.887348292254 2.61296572555
96 2.61296572555 0.887348292254
97 0.887348338228 0.904993391556
98 0.887348338228 2.28582863385
99 2.28582863385 0.887348338228
100 0.887348292254 0.887348430176
101 0.887348292254 2.40082096692
102 2.40081995728 0.887348430176
103 0.887348292254 0.887348292254
104 0.887348292254 2.93537842279
105 2.93537842279 0.887348292254
106 0.887348338228 0.890822081119
107 0.887348338228 2.38559494165
108 2.38559494165 0.887348338228
109 0.887348292254 0.887348292254
110 0.887348292254 3.14981041142
111 3.14980867356 0.887348430176
112 0.887348292254 0.887348292254
113 0.887348292254 2.91978314368
114 2.91978314368 0.887348292254
115 0.887348338228 0.887348338228
116 0.887348338228 2.68558769418
117 2.68558769418 0.887348338228
118 0.887348292254 0.887348292254
119 0.887348292254 4.05349293517
120 4.05349293517 0.887348292254
121 0.887348292254 0.887348292254
122 0.887348292254 3.52101567085
123 3.52101567085 0.887348292254
124 0.887348338228 0.887348338228
125 0.887348338228 2.87378874604
126 2.87378874604 0.887348338228
127 0.887348322903 0.887348322903
128 0.887348322903 5.8311972231
129 5.8311972231 0.887348322903
130 0.887348230955 0.887348230955
131 0.887348230955 3.56284906303
132 3.56284906303 0.887348230955
133 0.887348322903 0.887348322903
134 0.887348322903 3.38063808838
135 0.887348322903 0.887348322903
136 0.887348322903 3.38063808838
137 3.38063808838 0.887348322903
138 0.887348230955 0.887348230955
139 0.887348230955 3.09612305378
140 3.09612305378 0.887348230955
141 0.887348230955 0.887348230955
142 0.887348230955 4.83118786149
143 4.83118786149 0.887348230955
144 0.887348322903 0.887348391865
145 0.887348322903 3.6927918211
146 3.6927918211 0.887348322903
147 0.887348230955 0.887348230955
148 0.887348230955 4.73275036076
149 4.73275036076 0.887348230955
150 0.887348230955 0.887348230955
151 0.887348230955 4.15597807905
152 4.15597807905 0.887348230955
153 0.887348322903 0.887348322903
154 0.887348322903 4.34277313255
155 4.34277313255 0.887348322903
156 0.990172646775 0.887346851734
157 0.887345277833 0.887345277833
===================================
Epoch 25
===================================
0 0.887348349722 0.930909086693
1 0.887348349722 6.26151519141
2 1.21226940228 4.56404390293
3 1.12440356182 0.887348338228
4 0.887348338228 0.930909074043
5 0.887348338228 1.4923493142
6 1.49234921668 0.887348372709
7 0.887348338228 0.887348338228
8 0.887348338228 1.37160074726
9 1.37160074726 0.887348338228
10 0.887348349722 1.07112970153
11 0.887348349722 1.5014454564
12 0.887348349722 1.07112971409
13 0.887348349722 1.5014454564
14 1.5014454564 0.887348349722
15 0.887348338228 1.20754714143
16 0.887348338228 2.24268642108
17 2.24268642108 0.887348338228
18 0.887348338228 0.930909074043
19 0.887348338228 2.06475377989
20 2.06475377989 0.887348338228
21 0.887348349722 0.904993367646
22 0.887348349722 1.06207784889
23 1.06207784889 0.887348349722
24 0.887348338228 1.01386136613
25 0.887348338228 2.27728718217
26 2.27728718217 0.887348372709
27 0.887348338228 0.887348338228
28 0.887348338228 2.39997905516
29 2.39997905516 0.887348338228
30 0.887348349722 0.887348349722
31 0.887348349722 0.987859672367
32 0.987859661684 0.887348358342
33 0.887348345891 0.901408442797
34 0.887348345891 2.37812607965
35 2.37812607965 0.887348345891
36 0.887348322903 0.887348391865
37 0.887348322903 2.43917987515
38 2.43917987515 0.887348322903
39 0.887348345891 1.01839725228
40 0.887348345891 2.08132823486
41 0.887348345891 1.01612502096
42 0.887348345891 2.08132823486
43 2.08132823486 0.887348345891
44 0.887348322903 0.908606888894
45 0.887348322903 1.89424922379
46 1.89424922379 0.887348391865
47 0.887348322903 0.894323112972
48 0.887348322903 1.75696595666
49 1.75696595666 0.887348322903
50 0.887348345891 0.950348019053
51 0.887348345891 1.419996702
52 1.41999665785 0.887348363131
53 0.887348322903 0.887348322903
54 0.887348322903 1.6790081177
55 1.6790081177 0.887348391865
56 0.887348322903 0.887348322903
57 0.887348322903 1.8477706841
58 1.8477706841 0.887348322903
59 0.887348345891 0.901408442797
60 0.887348345891 1.43640282911
61 1.43640278394 0.887348363131
62 0.887348322903 0.894323112972
63 0.887348322903 1.89713917239
64 1.89713917239 0.887348322903
65 0.887348322903 0.887348322903
66 0.887348322903 3.15116604441
67 3.15116604441 0.887348322903
68 0.887348345891 0.887348345891
69 0.887348345891 1.32976590289
70 1.32976590289 0.887348345891
71 0.887348338228 0.887348338228
72 0.887348338228 3.98194214933
73 3.98194214933 0.887348338228
74 0.887348292254 0.887348292254
75 0.887348292254 1.84139995961
76 1.84139995961 0.887348292254
77 0.887348338228 1.00269275889
78 0.887348338228 2.62211328779
79 0.887348338228 1.00269280292
80 0.887348338228 2.62211328779
81 2.62211328779 0.887348338228
82 0.887348292254 0.887348292254
83 0.887348292254 1.90009978624
84 1.90009978624 0.887348292254
85 0.887348292254 0.887348292254
86 0.887348292254 2.85076562254
87 2.85076562254 0.887348292254
88 0.887348338228 0.946395546339
89 0.887348338228 2.26743220193
90 2.26743220193 0.887348338228
91 0.887348292254 0.887348292254
92 0.887348292254 1.90683853969
93 1.90683853969 0.887348292254
94 0.887348292254 0.887348292254
95 0.887348292254 2.53746680825
96 2.53746680825 0.887348292254
97 0.887348338228 0.905894045733
98 0.887348338228 2.32357105356
99 2.32357105356 0.887348338228
100 0.887348292254 0.887348430176
101 0.887348292254 2.47144723673
102 2.47144723673 0.887348292254
103 0.887348292254 0.887348430176
104 0.887348292254 2.89900640346
105 2.89900640346 0.887348292254
106 0.887348338228 0.89082211587
107 0.887348338228 2.37002783975
108 2.37002783975 0.887348338228
109 0.887348292254 0.887348292254
110 0.887348292254 3.21153878729
111 3.21153878729 0.887348430176
112 0.887348292254 0.887348292254
113 0.887348292254 2.87976909935
114 2.87976909935 0.887348292254
115 0.887348338228 0.887348338228
116 0.887348338228 2.69855581018
117 2.69855581018 0.887348338228
118 0.887348292254 0.887348292254
119 0.887348292254 4.02497447388
120 4.02497447388 0.887348292254
121 0.887348292254 0.887348292254
122 0.887348292254 3.54272366138
123 3.54272366138 0.887348292254
124 0.887348338228 0.887348338228
125 0.887348338228 2.92697776323
126 2.92697776323 0.887348338228
127 0.887348322903 0.887348322903
128 0.887348322903 5.92589059098
129 5.92589059098 0.887348322903
130 0.887348230955 0.887348230955
131 0.887348230955 3.58381051002
132 3.58381051002 0.887348230955
133 0.887348322903 0.887348322903
134 0.887348322903 3.43437012804
135 0.887348322903 0.887348391865
136 0.887348322903 3.43437012804
137 3.43437012804 0.887348322903
138 0.887348230955 0.887348230955
139 0.887348230955 3.09999659714
140 3.09999659714 0.887348230955
141 0.887348230955 0.887348230955
142 0.887348230955 4.81745723377
143 4.81745723377 0.887348230955
144 0.887348322903 0.887348322903
145 0.887348322903 3.79085379719
146 3.79085379719 0.887348322903
147 0.887348230955 0.887348230955
148 0.887348230955 4.85445614078
149 4.85445614078 0.887348230955
150 0.887348230955 0.887348230955
151 0.887348230955 4.06769282704
152 4.06769282704 0.887348230955
153 0.887348322903 0.887348322903
154 0.887348322903 4.33970300361
155 4.33970300361 0.887348322903
156 1.00710686421 0.887346851734
157 0.887345277833 0.887345277833
===================================
Epoch 30
===================================
0 0.887348349722 0.930909086693
1 0.887348349722 6.34369877063
2 1.2299581808 4.55030082456
3 1.13838511238 0.887348338228
4 0.887348338228 0.930909074043
5 0.887348338228 1.46735658114
6 1.46735658114 0.887348338228
7 0.887348338228 0.887348338228
8 0.887348338228 1.37839240362
9 1.37839240362 0.887348338228
10 0.887348349722 1.08130940521
11 0.887348349722 1.53617728162
12 0.887348349722 1.08130940521
13 0.887348349722 1.53617728162
14 1.53617728162 0.887348349722
15 0.887348338228 1.20754714143
16 0.887348338228 2.19051498994
17 2.19051477981 0.887348372709
18 0.887348338228 0.930909074043
19 0.887348338228 1.85233185094
20 1.85233185094 0.887348338228
21 0.887348349722 0.90860692605
22 0.887348349722 1.06330416918
23 1.06330416918 0.887348349722
24 0.887348338228 1.01386136613
25 0.887348338228 2.18218233804
26 2.18218233804 0.887348338228
27 0.887348372709 0.887348338228
28 0.887348338228 2.27552260063
29 2.27552260063 0.887348338228
30 0.887348349722 0.887348349722
31 0.887348349722 0.986365730923
32 0.986365730923 0.887348349722
33 0.887348345891 0.908606912995
34 0.887348345891 2.43859566762
35 2.43859566762 0.887348345891
36 0.887348322903 0.887348322903
37 0.887348322903 2.59743256689
38 2.59743256689 0.887348322903
39 0.887348345891 1.0252781623
40 0.887348345891 2.1063158495
41 0.887348345891 1.02297701279
42 0.887348345891 2.1063158495
43 2.1063158495 0.887348345891
44 0.887348322903 0.908606961199
45 0.887348322903 1.81175659527
46 1.81175659527 0.887348529787
47 0.887348322903 0.894323112972
48 0.887348322903 1.76177228994
49 1.76177228994 0.887348322903
50 0.887348345891 0.948367668951
51 0.887348345891 1.42848340183
52 1.42848335715 0.887348363131
53 0.887348322903 0.887348322903
54 0.887348322903 1.70216262662
55 1.70216262662 0.887348322903
56 0.887348322903 0.887348322903
57 0.887348322903 1.86983256301
58 1.86983256301 0.887348322903
59 0.887348345891 0.901408442797
60 0.887348345891 1.43445931978
61 1.43445927473 0.887348363131
62 0.887348322903 0.894323112972
63 0.887348322903 1.91557224824
64 1.91557224824 0.887348322903
65 0.887348322903 0.887348460826
66 0.887348322903 3.07354461298
67 3.07354461298 0.887348322903
68 0.887348345891 0.887348345891
69 0.887348345891 1.35973060065
70 1.35973060065 0.887348345891
71 0.887348338228 0.887348338228
72 0.887348338228 3.98602561988
73 3.98602561988 0.887348338228
74 0.887348292254 0.887348292254
75 0.887348292254 1.83828290099
76 1.83828290099 0.887348292254
77 0.887348338228 1.01839878638
78 0.887348338228 2.6707980166
79 0.887348338228 1.01839878638
80 0.887348338228 2.6707980166
81 2.6707980166 0.887348338228
82 0.887348292254 0.887348292254
83 0.887348292254 1.93814295481
84 1.93814295481 0.887348292254
85 0.887348292254 0.887348292254
86 0.887348292254 2.89037461072
87 2.89037461072 0.887348292254
88 0.887348338228 0.954333626263
89 0.887348338228 2.31360200336
90 2.31360200336 0.887348338228
91 0.887348292254 0.887348292254
92 0.887348292254 1.95412325816
93 1.95412325816 0.887348292254
94 0.887348292254 0.887348292254
95 0.887348292254 2.59496473985
96 2.59496473985 0.887348292254
97 0.887348338228 0.910424522654
98 0.887348338228 2.37367290383
99 2.37367290383 0.887348338228
100 0.887348292254 0.887348430176
101 0.887348292254 2.49794989605
102 2.49794989605 0.887348292254
103 0.887348430176 0.887348292254
104 0.887348292254 2.96622164876
105 2.96622164876 0.887348292254
106 0.887348338228 0.890822081119
107 0.887348338228 2.39125838307
108 2.39125838307 0.887348338228
109 0.887348292254 0.887348292254
110 0.887348292254 3.15787208043
111 3.15787208043 0.887348292254
112 0.887348292254 0.887348292254
113 0.887348292254 2.88542811244
114 2.88542811244 0.887348292254
115 0.887348338228 0.888214266185
116 0.887348338228 2.64948715334
117 2.64948715334 0.887348338228
118 0.887348292254 0.887348292254
119 0.887348292254 4.14748917363
120 4.14748917363 0.887348292254
121 0.887348292254 0.887348292254
122 0.887348292254 3.46329419585
123 3.46329419585 0.887348292254
124 0.887348338228 0.887348338228
125 0.887348338228 2.898134554
126 2.898134554 0.887348338228
127 0.887348322903 0.887348322903
128 0.887348322903 5.96443965042
129 5.96443965042 0.887348322903
130 0.887348230955 0.887348230955
131 0.887348230955 3.52785551812
132 3.52785551812 0.887348230955
133 0.887348322903 0.887348322903
134 0.887348322903 3.43985804655
135 0.887348322903 0.887348322903
136 0.887348322903 3.43985804655
137 3.43985804655 0.887348322903
138 0.887348230955 0.887348230955
139 0.887348230955 3.10165387819
140 3.10165387819 0.887348230955
141 0.887348230955 0.887348230955
142 0.887348230955 4.90019066599
143 4.90019066599 0.887348230955
144 0.887348322903 0.887348322903
145 0.887348322903 3.80702385429
146 3.80702385429 0.887348322903
147 0.887348230955 0.887348230955
148 0.887348230955 4.92726646077
149 4.92726646077 0.8873485068
150 0.887348230955 0.887348230955
151 0.887348230955 4.29457621962
152 4.29457621962 0.887348230955
153 0.887348322903 0.887348322903
154 0.887348322903 4.40938800785
155 4.40938800785 0.887348322903
156 1.00661959209 0.887346851734
157 0.887345277833 0.887345277833
===================================
Epoch 35
===================================
0 0.887348349722 0.930909086693
1 0.887348349722 6.30719410654
2 1.22680189006 4.60163871092
3 1.1212094406 0.887348338228
4 0.887348338228 0.930909074043
5 0.887348338228 1.55501095101
6 1.55501095101 0.887348338228
7 0.887348338228 0.887348338228
8 0.887348338228 1.4136771707
9 1.4136771707 0.887348338228
10 0.887348349722 1.08130939241
11 0.887348349722 1.56305726607
12 0.887348349722 1.08130939241
13 0.887348349722 1.56305726607
14 1.56305726607 0.887348349722
15 0.887348338228 1.20754714143
16 0.887348338228 2.26219739774
17 2.26219739774 0.887348338228
18 0.887348338228 0.930909074043
19 0.887348338228 1.88596000479
20 1.88596000479 0.887348338228
21 0.887348349722 0.908606917012
22 0.887348349722 1.07198030256
23 1.0719802774 0.887348366962
24 0.887348338228 1.01386136613
25 0.887348338228 2.2784534969
26 2.2784534969 0.887348372709
27 0.887348338228 0.887348372709
28 0.887348338228 2.30270993448
29 2.30270993448 0.887348338228
30 0.887348349722 0.887348349722
31 0.887348349722 1.00222190242
32 1.00222190242 0.887348349722
33 0.887348345891 0.908606912995
34 0.887348345891 2.50481985287
35 2.50481985287 0.887348345891
36 0.887348322903 0.887348322903
37 0.887348322903 2.15033185716
38 2.15033185716 0.887348322903
39 0.887348345891 1.02528159177
40 0.887348345891 2.05841966241
41 0.887348345891 1.02528159177
42 0.887348345891 2.05841966241
43 2.05841966241 0.887348345891
44 0.887348322903 0.908606888894
45 0.887348322903 1.78418222401
46 1.78418222401 0.887348322903
47 0.887348391865 0.894323112972
48 0.887348322903 1.81958545364
49 1.81958545364 0.887348322903
50 0.887348345891 0.950348019053
51 0.887348345891 1.38048875262
52 1.38048875262 0.887348345891
53 0.887348322903 0.887348322903
54 0.887348322903 1.76415384797
55 1.76415384797 0.887348322903
56 0.887348322903 0.887348391865
57 0.887348322903 1.8319393707
58 1.8319393707 0.887348322903
59 0.887348345891 0.901408442797
60 0.887348345891 1.38187127402
61 1.38187127402 0.887348345891
62 0.887348322903 0.894323112972
63 0.887348322903 2.00868115528
64 2.00868115528 0.887348322903
65 0.887348322903 0.887348322903
66 0.887348322903 2.77097577858
67 2.77097577858 0.887348322903
68 0.887348345891 0.887348345891
69 0.887348345891 1.32460491762
70 1.32460491762 0.887348345891
71 0.887348338228 0.887348372709
72 0.887348338228 3.60970035648
73 3.60970035648 0.887348338228
74 0.887348292254 0.887348292254
75 0.887348292254 1.7473768631
76 1.7473768631 0.887348292254
77 0.887348338228 1.01726067338
78 0.887348338228 2.5194079623
79 0.887348338228 1.01726067338
80 0.887348338228 2.5194079623
81 2.5194079623 0.887348338228
82 0.887348292254 0.887348292254
83 0.887348292254 1.94449685379
84 1.94449685379 0.887348292254
85 0.887348292254 0.887348292254
86 0.887348292254 2.78510951862
87 2.78510951862 0.887348292254
88 0.887348338228 0.954333626263
89 0.887348338228 2.10037841701
90 2.10037841701 0.887348338228
91 0.887348292254 0.887348292254
92 0.887348292254 1.99573385587
93 1.99573385587 0.887348292254
94 0.887348430176 0.887348292254
95 0.887348292254 2.51642804539
96 2.51642804539 0.887348292254
97 0.887348338228 0.908606941114
98 0.887348338228 2.25736777983
99 2.25736777983 0.887348338228
100 0.887348292254 0.887348430176
101 0.887348292254 2.60709128783
102 2.60709128783 0.887348292254
103 0.887348430176 0.887348292254
104 0.887348292254 2.77223292245
105 2.77223292245 0.887348292254
106 0.887348338228 0.889951098111
107 0.887348338228 2.29786597362
108 2.29786597362 0.887348338228
109 0.887348292254 0.887348292254
110 0.887348292254 3.11253648264
111 3.11253648264 0.887348292254
112 0.887348292254 0.887348292254
113 0.887348292254 2.82094871968
114 2.82094871968 0.887348292254
115 0.887348338228 0.887348338228
116 0.887348338228 2.57684606826
117 2.57684577748 0.887348372709
118 0.887348292254 0.887348292254
119 0.887348292254 4.12830338157
120 4.12830338157 0.887348568099
121 0.887348430176 0.887348292254
122 0.887348292254 3.36843717325
123 3.36843717325 0.887348292254
124 0.887348338228 0.887348338228
125 0.887348338228 2.96143067487
126 2.96143067487 0.887348338228
127 0.887348322903 0.887348391865
128 0.887348322903 5.93243028313
129 5.93243028313 0.887348322903
130 0.887348230955 0.887348230955
131 0.887348230955 3.37544079924
132 3.37544079924 0.887348230955
133 0.887348322903 0.887348322903
134 0.887348322903 2.7040995639
135 0.887348322903 0.887348322903
136 0.887348322903 2.7040995639
137 2.7040995639 0.887348322903
138 0.887348230955 0.887348230955
139 0.887348230955 3.47572307984
140 3.47572307984 0.887348230955
141 0.887348230955 0.887348230955
142 0.887348230955 4.97864984411
143 4.97864984411 0.887348230955
144 0.887348322903 0.887348322903
145 0.887348322903 2.40269199468
146 2.40269199468 0.887348322903
147 0.887348230955 0.887348230955
148 0.887348230955 5.29128772369
149 5.29128772369 0.887348230955
150 0.887348230955 0.887348230955
151 0.887348230955 4.25061616293
152 4.25061616293 0.887348230955
153 0.887348322903 0.887348322903
154 0.887348322903 2.49776871667
155 2.49776871667 0.887348322903
156 0.917336758042 0.887346851734
157 0.887345277833 0.887345277833
===================================
Epoch 40
===================================
0 0.887348349722 0.930909086693
1 0.887348349722 6.2220035206
2 1.21925595544 4.58915368237
3 1.11332232183 0.887348407189
4 0.887348338228 0.930909074043
5 0.887348338228 1.52508043276
6 1.52508043276 0.887348372709
7 0.887348338228 0.887348338228
8 0.887348338228 1.41082893946
9 1.41082893946 0.887348338228
10 0.887348349722 1.08130939241
11 0.887348349722 1.56080482871
12 0.887348349722 1.08130939241
13 0.887348349722 1.56080482871
14 1.56080482871 0.887348349722
15 0.887348338228 1.20754714143
16 0.887348338228 2.26183776973
17 2.26183709764 0.88734844167
18 0.887348407189 0.930909074043
19 0.887348338228 1.89217931963
20 1.89217931963 0.887348338228
21 0.887348349722 0.908606917012
22 0.887348349722 1.07812359994
23 1.07812359994 0.887348349722
24 0.887348338228 1.01386136613
25 0.887348338228 2.30857351851
26 2.30857328513 0.887348372709
27 0.887348338228 0.887348338228
28 0.887348338228 2.30734376537
29 2.30734376537 0.887348338228
30 0.887348349722 0.887348349722
31 0.887348349722 1.00803896781
32 1.00803896781 0.887348349722
33 0.887348345891 0.908606931072
34 0.887348345891 2.54766098885
35 2.54766098885 0.887348345891
36 0.887348322903 0.887348322903
37 0.887348322903 2.21551340742
38 2.21551340742 0.887348322903
39 0.887348345891 1.02528159177
40 0.887348345891 2.08123623435
41 0.887348345891 1.02528161479
42 0.887348345891 2.08123623435
43 2.08123623435 0.887348345891
44 0.887348322903 0.908606888894
45 0.887348322903 1.82523163564
46 1.82523163564 0.887348322903
47 0.887348322903 0.894323112972
48 0.887348322903 1.80051309493
49 1.80051309493 0.887348322903
50 0.887348345891 0.950348019053
51 0.887348345891 1.37646085916
52 1.37646081768 0.887348363131
53 0.887348322903 0.887348322903
54 0.887348322903 1.78885123002
55 1.78885123002 0.887348322903
56 0.887348322903 0.887348322903
57 0.887348322903 1.81144472699
58 1.81144472699 0.887348322903
59 0.887348345891 0.901408442797
60 0.887348345891 1.3975756785
61 1.3975756785 0.887348345891
62 0.887348322903 0.894323112972
63 0.887348322903 2.00645170209
64 2.00645170209 0.887348322903
65 0.887348322903 0.887348322903
66 0.887348322903 2.84075741516
67 2.84075741516 0.887348322903
68 0.887348345891 0.887348345891
69 0.887348345891 1.33500234315
70 1.33500234315 0.887348345891
71 0.887348338228 0.887348338228
72 0.887348338228 3.76045273956
73 3.76045273956 0.887348338228
74 0.887348292254 0.887348292254
75 0.887348292254 1.73610143329
76 1.73610143329 0.887348292254
77 0.887348338228 1.01726062807
78 0.887348338228 2.50745068422
79 0.887348338228 1.01726062807
80 0.887348338228 2.50745068422
81 2.50745068422 0.887348338228
82 0.887348292254 0.887348292254
83 0.887348292254 2.0339062329
84 2.03390550828 0.887348430176
85 0.887348292254 0.887348292254
86 0.887348292254 2.855186865
87 2.855186865 0.887348292254
88 0.887348338228 0.954333626263
89 0.887348338228 2.14608649489
90 2.14608649489 0.887348338228
91 0.887348292254 0.887348292254
92 0.887348292254 2.07357260191
93 2.07357184875 0.887348430176
94 0.887348430176 0.887348292254
95 0.887348292254 2.56054973537
96 2.56054973537 0.887348292254
97 0.887348338228 0.908606904961
98 0.887348338228 2.27129002135
99 2.27129002135 0.887348338228
100 0.887348292254 0.887348292254
101 0.887348292254 2.67870986013
102 2.67870986013 0.887348292254
103 0.887348430176 0.887348292254
104 0.887348292254 2.82936092901
105 2.82936092901 0.887348292254
106 0.887348338228 0.889951098111
107 0.887348338228 2.27412508724
108 2.27412508724 0.887348338228
109 0.887348292254 0.887348292254
110 0.887348292254 3.20135460698
111 3.20135281178 0.887348430176
112 0.887348292254 0.887348292254
113 0.887348292254 2.862565583
114 2.862565583 0.887348292254
115 0.887348338228 0.887348338228
116 0.887348338228 2.59748499283
117 2.59748499283 0.887348338228
118 0.887348292254 0.887348292254
119 0.887348292254 4.06039483019
120 4.06039194228 0.887348430176
121 0.887348430176 0.887348430176
122 0.887348292254 3.37414893079
123 3.37414893079 0.887348292254
124 0.887348338228 0.887348338228
125 0.887348338228 3.03182657579
126 3.03182657579 0.887348338228
127 0.887348322903 0.887348322903
128 0.887348322903 5.86771199344
129 5.86771199344 0.887348322903
130 0.887348230955 0.887348230955
131 0.887348230955 3.38040554953
132 3.38040554953 0.887348230955
133 0.887348322903 0.887348391865
134 0.887348322903 2.62905130473
135 0.887348322903 0.887348322903
136 0.887348322903 2.62905130473
137 2.62905130473 0.887348322903
138 0.887348230955 0.887348230955
139 0.887348230955 3.6669666553
140 3.6669666553 0.887348230955
141 0.887348230955 0.887348230955
142 0.887348230955 4.91876736112
143 4.91876736112 0.887348230955
144 0.887348322903 0.887348322903
145 0.887348322903 2.29063124315
146 2.29063124315 0.887348322903
147 0.887348230955 0.887348230955
148 0.887348230955 5.24011664053
149 5.24011664053 0.887348230955
150 0.887348230955 0.887348230955
151 0.887348230955 4.08911917032
152 4.08911917032 0.887348230955
153 0.887348322903 0.887348322903
154 0.887348322903 2.17933286322
155 2.17933286322 0.887348322903
156 0.903878984677 0.887346851734
157 0.887345277833 0.887345277833
===================================
Epoch 45
===================================
0 0.887348349722 0.930909086693
1 0.887348349722 6.2320002219
2 1.21679681931 4.60476252299
3 1.11094350093 0.887348372709
4 0.887348338228 0.930909074043
5 0.887348338228 1.50326278723
6 1.50326268827 0.887348372709
7 0.887348338228 0.887348338228
8 0.887348338228 1.40529699888
9 1.40529699888 0.887348338228
10 0.887348349722 1.08130940521
11 0.887348349722 1.56786056398
12 0.887348349722 1.08130939241
13 0.887348349722 1.56786056398
14 1.56786051015 0.887348366962
15 0.887348338228 1.20754714143
16 0.887348338228 2.28369560564
17 2.28369537725 0.887348407189
18 0.887348338228 0.930909074043
19 0.887348338228 1.87329662756
20 1.87329662756 0.887348338228
21 0.887348349722 0.90860692605
22 0.887348349722 1.08516056915
23 1.08516056915 0.887348349722
24 0.887348338228 1.01386136613
25 0.887348338228 2.31377899143
26 2.31377875699 0.887348372709
27 0.887348338228 0.887348338228
28 0.887348338228 2.25757644162
29 2.25757644162 0.887348338228
30 0.887348349722 0.887348349722
31 0.887348349722 1.00055380986
32 1.00055380986 0.887348349722
33 0.887348345891 0.908606912995
34 0.887348345891 2.54665123607
35 2.54665123607 0.887348345891
36 0.887348322903 0.887348322903
37 0.887348322903 2.25076427307
38 2.25076427307 0.887348322903
39 0.887348345891 1.02528159177
40 0.887348345891 2.08619667875
41 0.887348345891 1.02528159177
42 0.887348345891 2.08619667875
43 2.08619667875 0.887348345891
44 0.887348322903 0.908606888894
45 0.887348322903 1.83933134833
46 1.83933134833 0.887348322903
47 0.887348322903 0.894323112972
48 0.887348322903 1.7745051076
49 1.7745051076 0.887348322903
50 0.887348345891 0.950348019053
51 0.887348345891 1.37466154909
52 1.37466154909 0.887348345891
53 0.887348322903 0.887348322903
54 0.887348322903 1.79571418226
55 1.79571418226 0.887348322903
56 0.887348322903 0.887348322903
57 0.887348322903 1.83804776997
58 1.83804776997 0.887348322903
59 0.887348345891 0.901408442797
60 0.887348345891 1.42430384915
61 1.42430384915 0.887348345891
62 0.887348322903 0.894323112972
63 0.887348322903 2.05469918913
64 2.05469918913 0.887348322903
65 0.887348322903 0.887348391865
66 0.887348322903 2.81004836757
67 2.81004836757 0.887348322903
68 0.887348345891 0.887348345891
69 0.887348345891 1.34957729988
70 1.34957729988 0.887348345891
71 0.887348338228 0.887348338228
72 0.887348338228 3.80213510267
73 3.80213510267 0.887348372709
74 0.887348292254 0.887348292254
75 0.887348292254 1.70218509854
76 1.70218509854 0.887348292254
77 0.887348338228 1.01726067338
78 0.887348338228 2.51141644712
79 0.887348338228 1.01726062807
80 0.887348338228 2.51141644712
81 2.51141644712 0.887348338228
82 0.887348292254 0.887348292254
83 0.887348292254 2.09187245545
84 2.09187245545 0.887348292254
85 0.887348292254 0.887348292254
86 0.887348292254 2.85835902535
87 2.85835902535 0.887348292254
88 0.887348338228 0.954333626263
89 0.887348338228 2.13195109812
90 2.13195109812 0.887348338228
91 0.887348292254 0.887348292254
92 0.887348292254 2.09424365118
93 2.09424365118 0.887348292254
94 0.887348292254 0.887348292254
95 0.887348292254 2.52760622959
96 2.52760622959 0.887348292254
97 0.887348338228 0.908606904961
98 0.887348338228 2.28749626845
99 2.28749626845 0.887348338228
100 0.887348292254 0.887348292254
101 0.887348292254 2.74272292801
102 2.74272292801 0.887348292254
103 0.887348292254 0.887348292254
104 0.887348292254 2.83154309829
105 2.83154309829 0.887348292254
106 0.887348338228 0.889951098111
107 0.887348338228 2.2668321341
108 2.2668321341 0.887348338228
109 0.887348292254 0.887348292254
110 0.887348292254 3.24111609724
111 3.24111609724 0.887348292254
112 0.887348292254 0.887348292254
113 0.887348292254 2.84153265121
114 2.84153265121 0.887348292254
115 0.887348338228 0.887348338228
116 0.887348338228 2.62635610984
117 2.62635610984 0.887348338228
118 0.887348292254 0.887348292254
119 0.887348292254 4.17438892753
120 4.17438892753 0.887348292254
121 0.887348292254 0.887348292254
122 0.887348292254 3.39614818458
123 3.39614818458 0.887348292254
124 0.887348338228 0.887348338228
125 0.887348338228 3.10077453697
126 3.10077453697 0.887348338228
127 0.887348322903 0.887348322903
128 0.887348322903 5.89656034523
129 5.89656034523 0.887348322903
130 0.887348230955 0.887348230955
131 0.887348230955 3.37978915944
132 3.37978915944 0.887348230955
133 0.887348322903 0.887348322903
134 0.887348322903 2.69289599523
135 0.887348322903 0.887348322903
136 0.887348322903 2.69289599523
137 2.69289599523 0.887348322903
138 0.887348230955 0.887348230955
139 0.887348230955 3.7591904416
140 3.7591904416 0.887348230955
141 0.887348230955 0.887348230955
142 0.887348230955 4.86314849348
143 4.86314849348 0.887348230955
144 0.887348322903 0.887348322903
145 0.887348322903 2.3496006188
146 2.3496006188 0.887348322903
147 0.887348230955 0.887348230955
148 0.887348230955 5.21892407342
149 5.21892407342 0.887348230955
150 0.887348230955 0.887348230955
151 0.887348230955 4.00127093143
152 4.00127093143 0.887348230955
153 0.887348322903 0.887348322903
154 0.887348322903 2.10790653916
155 2.10790653916 0.887348322903
156 0.902933308763 0.887346851734
157 0.887345277833 0.887345277833
