===================================
Epoch 5
===================================
0 0.0 0.046875
1 0.0 0.86636124825
2 0.320243601896 0.801287797033
3 0.260293804869 0.0
4 0.0 0.03125
5 0.0 0.406832558768
6 0.406832558768 7.78509646046e-08
7 0.0 0.0
8 0.0 0.387926179536
9 0.387926179536 0.0
10 0.0 0.01953125
11 0.0 0.367572025377
12 0.0 0.01953125
13 0.0 0.367572025377
14 0.367572015646 2.91941117267e-08
15 0.0 0.1875
16 0.0 0.65294783456
17 0.65294783456 0.0
18 0.0 3.89254823023e-08
19 0.0 0.664962457151
20 0.664962457151 0.0
21 0.0 0.0
22 0.0 0.162915346574
23 0.162915346574 0.0
24 0.0 0.0
25 0.0 0.608854566302
26 0.608854566302 3.89254823023e-08
27 0.0 0.0
28 0.0 0.649603590673
29 0.649603590673 0.0
30 0.0 0.0
31 0.0 0.0866038069433
32 0.0866038069433 0.0
33 0.0 0.0
34 0.0 0.56618124125
35 0.56618124125 0.0
36 0.0 0.0
37 0.0 0.523691294145
38 0.523691294145 0.0
39 0.0 0.0234375194627
40 0.0 0.481762380016
41 0.0 0.0234375
42 0.0 0.481762380016
43 0.481762360553 1.94627411511e-08
44 0.0 0.0
45 0.0 0.374235269975
46 0.374235192124 7.78509646046e-08
47 0.0 0.0
48 0.0 0.481022971017
49 0.481022971017 0.0
50 0.0 0.00390625
51 0.0 0.284679432305
52 0.284679393379 3.89254823023e-08
53 0.0 0.0
54 0.0 0.437415142449
55 0.437415142449 0.0
56 7.78509646046e-08 0.0
57 0.0 0.538367290886
58 0.538367290886 0.0
59 0.0 0.0
60 0.0 0.289664735599
61 0.289664735599 0.0
62 0.0 0.0
63 0.0 0.541888957121
64 0.54188887927 7.78509646046e-08
65 0.0 0.0
66 0.0 0.696434643804
67 0.696434643804 0.0
68 0.0 0.0
69 0.0 0.267056348372
70 0.267056348372 0.0
71 0.0 0.0
72 0.0 0.764404530428
73 0.764404530428 0.0
74 0.0 0.0
75 0.0 0.525560962911
76 0.525560962911 0.0
77 0.0 0.013671875
78 0.0 0.592356078479
79 0.0 0.013671875
80 0.0 0.592356078479
81 0.592356039553 7.78509646046e-08
82 0.0 0.0
83 0.0 0.453041543766
84 0.453041543766 0.0
85 0.0 0.0
86 0.0 0.679375784738
87 0.679375784738 0.0
88 0.0 0.001953125
89 0.0 0.524898684755
90 0.524898684755 0.0
91 0.0 0.0
92 0.0 0.488779807577
93 0.488779807577 0.0
94 0.0 0.0
95 0.0 0.663131558165
96 0.663131558165 0.0
97 0.0 0.0
98 0.0 0.546023349373
99 0.546023349373 0.0
100 0.0 0.0
101 0.0 0.628173672423
102 0.628173672423 1.55701929209e-07
103 0.0 0.0
104 0.0 0.724323817662
105 0.724323817662 0.0
106 0.0 0.0
107 0.0 0.577575761445
108 0.577575761445 0.0
109 0.0 0.0
110 0.0 0.726847901636
111 0.726847901636 0.0
112 0.0 0.0
113 0.0 0.71563627282
114 0.71563627282 0.0
115 0.0 0.0
116 0.0 0.633392022581
117 0.633392022581 0.0
118 0.0 0.0
119 0.0 0.780041130222
120 0.780041130222 0.0
121 0.0 0.0
122 0.0 0.746302390585
123 0.746302390585 0.0
124 0.0 0.0
125 0.0 0.63941071958
126 0.63941071958 0.0
127 0.0 7.78509646046e-08
128 0.0 0.827057974679
129 0.827057974679 0.0
130 0.0 0.0
131 0.0 0.754127346739
132 0.754127346739 0.0
133 0.0 0.0
134 0.0 0.715413463359
135 0.0 0.0
136 0.0 0.715413463359
137 0.715413463359 0.0
138 0.0 0.0
139 0.0 0.68500129544
140 0.68500129544 0.0
141 0.0 0.0
142 0.0 0.795257879763
143 0.795257879763 0.0
144 0.0 7.78509646046e-08
145 0.0 0.707907151203
146 0.707907151203 0.0
147 0.0 0.0
148 0.0 0.746577671596
149 0.746577671596 0.0
150 3.11403858418e-07 0.0
151 0.0 0.78698263363
152 0.78698263363 0.0
153 0.0 0.0
154 0.0 0.796428135463
155 0.796428135463 0.0
156 0.0942573547363 0.0
157 0.0 0.0
===================================
Epoch 10
===================================
0 0.0 0.0468750194627
1 0.0 0.863807269505
2 0.291264611848 0.804580951224
3 0.236905273126 0.0
4 0.0 0.03125
5 0.0 0.396717266161
6 0.396717266161 0.0
7 0.0 0.0
8 0.0 0.372800087442
9 0.372800087442 0.0
10 0.0 0.0937500194627
11 0.0 0.382118857637
12 0.0 0.09375
13 0.0 0.382118857637
14 0.382118857637 0.0
15 0.0 0.250000038925
16 0.0 0.625636665189
17 0.625636626263 7.78509646046e-08
18 3.89254823023e-08 0.015625077851
19 0.0 0.647352140777
20 0.647352140777 0.0
21 0.0 0.0078125
22 0.0 0.159708821044
23 0.159708811312 9.73137057557e-09
24 0.0 0.09375
25 0.0 0.593284334455
26 0.593284334455 0.0
27 0.0 0.0
28 0.0 0.633464190425
29 0.633464190425 0.0
30 0.0 9.73137057557e-09
31 0.0 0.0958681982391
32 0.0958681982391 0.0
33 0.0 1.94627411511e-08
34 0.0 0.603869944203
35 0.603869944203 0.0
36 0.0 0.0
37 0.0 0.555486328748
38 0.555486328748 0.0
39 0.0 0.08203125
40 0.0 0.526903989364
41 0.0 0.0820312694627
42 0.0 0.526903989364
43 0.526903969901 1.94627411511e-08
44 0.0 0.0
45 0.0 0.415021156778
46 0.415021156778 0.0
47 0.0 0.0
48 0.0 0.473316348329
49 0.473316348329 0.0
50 0.0 0.029296875
51 0.0 0.317898536215
52 0.317898536215 0.0
53 0.0 0.0
54 0.0 0.434645905787
55 0.434645905787 0.0
56 0.0 0.0
57 0.0 0.523128198118
58 0.523128198118 0.0
59 0.0 0.0078125
60 0.0 0.323471536442
61 0.323471497516 3.89254823023e-08
62 0.0 0.0
63 0.0 0.543520946892
64 0.543520946892 0.0
65 7.78509646046e-08 0.0
66 0.0 0.702523134193
67 0.702523134193 0.0
68 0.0 0.0
69 0.0 0.283306803022
70 0.283306803022 0.0
71 0.0 0.0
72 0.0 0.774429048811
73 0.774429048811 0.0
74 0.0 1.55701929209e-07
75 0.0 0.518523080008
76 0.518523080008 0.0
77 0.0 0.0527344139255
78 0.0 0.627783600165
79 0.0 0.052734375
80 0.0 0.627783600165
81 0.627783600165 3.89254823023e-08
82 0.0 0.0
83 0.0 0.485586205307
84 0.485586205307 1.55701929209e-07
85 0.0 0.0
86 0.0 0.674549959144
87 0.674549959144 0.0
88 0.0 0.01953125
89 0.0 0.576587910555
90 0.576587910555 0.0
91 0.0 0.0
92 0.0 0.501609023736
93 0.501609023736 0.0
94 1.55701929209e-07 0.0
95 0.0 0.649764858947
96 0.649764858947 0.0
97 0.0 0.0048828125
98 0.0 0.590019615329
99 0.590019615329 0.0
100 0.0 0.0
101 0.0 0.630077128508
102 0.630077128508 0.0
103 0.0 0.0
104 0.0 0.698941600566
105 0.698941600566 0.0
106 0.0 0.0
107 0.0 0.601739572019
108 0.601739572019 0.0
109 0.0 0.0
110 0.0 0.718879232601
111 0.718879232601 0.0
112 3.11403858418e-07 0.0
113 0.0 0.69741572166
114 0.69741572166 0.0
115 0.0 0.0
116 0.0 0.655993558923
117 0.655993558923 0.0
118 0.0 0.0
119 0.0 0.784913043587
120 0.784913043587 0.0
121 0.0 0.0
122 0.0 0.757741032814
123 0.757741032814 0.0
124 0.0 0.0
125 0.0 0.670216657677
126 0.670216657677 0.0
127 0.0 0.0
128 0.0 0.842064448765
129 0.842064448765 0.0
130 0.0 0.0
131 0.0 0.751869668766
132 0.751869668766 0.0
133 0.0 0.0
134 0.0 0.730751115449
135 0.0 0.0
136 0.0 0.730751115449
137 0.730751115449 0.0
138 0.0 0.0
139 0.0 0.704740874621
140 0.704740874621 0.0
141 0.0 0.0
142 0.0 0.809346101722
143 0.809346101722 0.0
144 0.0 0.0
145 0.0 0.738420369674
146 0.738420369674 0.0
147 0.0 0.0
148 0.0 0.792447771345
149 0.792447771345 0.0
150 0.0 0.0
151 0.0 0.787950788225
152 0.787950788225 0.0
153 0.0 0.0
154 0.0 0.79880554822
155 0.79880554822 0.0
156 0.0981636047363 0.0
157 0.0 0.0
===================================
Epoch 15
===================================
0 0.0 0.0468750097314
1 0.0 0.863507825501
2 0.298063550677 0.804484260326
3 0.236094260702 0.0
4 0.0 0.03125
5 0.0 0.408683971483
6 0.408683971483 0.0
7 3.89254823023e-08 0.0
8 0.0 0.372190436538
9 0.372190436538 0.0
10 0.0 0.12890625
11 0.0 0.398029473363
12 0.0 0.12890625
13 0.0 0.398029473363
14 0.398029473363 0.0
15 0.0 0.265625
16 0.0 0.61612133104
17 0.616121292114 3.89254823023e-08
18 7.78509646046e-08 0.031250077851
19 0.0 0.627770676905
20 0.627770676905 0.0
21 0.0 0.01171875
22 0.0 0.157816244631
23 0.157816244631 0.0
24 0.0 0.125
25 0.0 0.610558762842
26 0.610558723917 3.89254823023e-08
27 0.0 0.0
28 0.0 0.636455496963
29 0.636455496963 0.0
30 0.0 0.0
31 0.0 0.098775484124
32 0.098775484124 0.0
33 0.0 0.00781251946274
34 0.0 0.609454952941
35 0.609454952941 0.0
36 0.0 0.0
37 0.0 0.599766556098
38 0.599766556098 0.0
39 0.0 0.09765625
40 0.0 0.553257261004
41 0.0 0.09765625
42 0.0 0.553257261004
43 0.553257261004 0.0
44 0.0 0.0078125
45 0.0 0.461788800298
46 0.461788800298 7.78509646046e-08
47 0.0 0.0
48 0.0 0.460788726807
49 0.460788726807 0.0
50 0.0 0.0429190616218
51 0.0 0.356917030957
52 0.356917030957 0.0
53 0.0 0.0
54 0.0 0.450269738022
55 0.450269738022 0.0
56 0.0 0.0
57 0.0 0.52756328972
58 0.52756328972 0.0
59 0.0 0.009765625
60 0.0 0.360585212708
61 0.360585212708 0.0
62 0.0 0.0078125
63 0.0 0.534839941531
64 0.534839941531 0.0
65 0.0 0.0
66 0.0 0.712869916643
67 0.712869916643 0.0
68 0.0 0.0
69 0.0 0.312049165064
70 0.312049165064 0.0
71 0.0 0.0
72 0.0 0.780303137643
73 0.780303137643 0.0
74 0.0 0.0
75 0.0 0.522332483408
76 0.522332483408 0.0
77 0.0 0.078125
78 0.0 0.646494651327
79 0.0 0.078125
80 0.0 0.646494651327
81 0.646494651327 0.0
82 0.0 0.0
83 0.0 0.51725613341
84 0.517255977708 1.55701929209e-07
85 0.0 0.0
86 0.0 0.680628406758
87 0.680628406758 0.0
88 0.0 0.03515625
89 0.0 0.594860816488
90 0.594860816488 0.0
91 0.0 0.0
92 0.0 0.521212208028
93 0.521212208028 0.0
94 0.0 0.0
95 0.0 0.655040818818
96 0.655040818818 0.0
97 0.0 0.013671952851
98 0.0 0.607303852938
99 0.607303814012 3.89254823023e-08
100 0.0 0.0
101 0.0 0.633743286133
102 0.633743286133 0.0
103 1.55701929209e-07 0.0
104 0.0 0.697347212811
105 0.697347212811 0.0
106 0.0 0.000976601425482
107 0.0 0.613117568347
108 0.613117568347 0.0
109 0.0 0.0
110 0.0 0.719575687331
111 0.719575687331 0.0
112 0.0 0.0
113 0.0 0.693529557209
114 0.693529557209 0.0
115 0.0 0.0
116 0.0 0.660277035772
117 0.660277035772 0.0
118 0.0 1.55701929209e-07
119 0.0 0.783872643296
120 0.783872643296 0.0
121 1.55701929209e-07 0.0
122 0.0 0.751502212213
123 0.751502212213 0.0
124 0.0 0.0
125 0.0 0.679961807874
126 0.679961807874 0.0
127 0.0 0.0
128 0.0 0.844951863192
129 0.844951863192 0.0
130 0.0 0.0
131 0.0 0.749821565589
132 0.749821565589 0.0
133 0.0 7.78509646046e-08
134 0.0 0.737345792809
135 0.0 0.0
136 0.0 0.737345792809
137 0.737345792809 0.0
138 0.0 0.0
139 0.0 0.710139994719
140 0.710139994719 0.0
141 0.0 0.0
142 0.0 0.813673992546
143 0.813673992546 0.0
144 0.0 0.0
145 0.0 0.750972358548
146 0.750972358548 0.0
147 0.0 0.0
148 0.0 0.802479958048
149 0.802479958048 0.0
150 0.0 0.0
151 0.0 0.781558912628
152 0.781558912628 0.0
153 0.0 0.0
154 0.0 0.794131687709
155 0.794131687709 0.0
156 0.103092193604 0.0
157 0.0 0.0
===================================
Epoch 20
===================================
0 0.0 0.046875
1 0.0 0.861361182466
2 0.279090423973 0.805720134657
3 0.222564191234 0.0
4 0.0 0.046875
5 0.0 0.40251521675
6 0.40251521675 0.0
7 0.0 0.0
8 0.0 0.374652706847
9 0.374652706847 0.0
10 0.0 0.160156259731
11 0.0 0.414478954004
12 0.0 0.16015625
13 0.0 0.414478954004
14 0.414478944272 9.73137057557e-09
15 0.0 0.265625
16 0.0 0.621800558908
17 0.621800558908 3.89254823023e-08
18 0.0 0.0468750389255
19 0.0 0.587488135513
20 0.587488135513 0.0
21 0.0 0.01953125
22 0.0 0.171514540303
23 0.171514540303 0.0
24 0.0 0.125
25 0.0 0.61029227899
26 0.61029227899 0.0
27 0.0 0.0
28 0.0 0.613897557161
29 0.613897557161 0.0
30 0.0 0.0
31 0.0 0.102891036442
32 0.102891036442 0.0
33 0.0 0.0156250194627
34 0.0 0.615554673331
35 0.615554673331 0.0
36 0.0 0.0
37 0.0 0.622921301394
38 0.622921301394 0.0
39 0.0 0.11328125
40 0.0 0.552738364862
41 0.0 0.11328125
42 0.0 0.552738364862
43 0.552738364862 0.0
44 0.0 0.0234375
45 0.0 0.493961567781
46 0.493961567781 0.0
47 0.0 0.0078125
48 0.0 0.470365874621
49 0.470365874621 0.0
50 0.0 0.0527343944627
51 0.0 0.422643194393
52 0.422643194393 0.0
53 0.0 0.0
54 0.0 0.46639251709
55 0.46639251709 0.0
56 0.0 0.0
57 0.0 0.525825578339
58 0.525825578339 0.0
59 0.0 0.013671875
60 0.0 0.376432418823
61 0.376432379898 3.89254823023e-08
62 0.0 0.0078125
63 0.0 0.53213936942
64 0.53213936942 7.78509646046e-08
65 0.0 0.0
66 0.0 0.708973398014
67 0.708973398014 0.0
68 0.0 0.0
69 0.0 0.321213410825
70 0.321213410825 0.0
71 0.0 0.0
72 0.0 0.773526872907
73 0.773526872907 0.0
74 0.0 0.0
75 0.0 0.513445328693
76 0.513445328693 0.0
77 0.0 0.10546875
78 0.0 0.652820470382
79 0.0 0.10546875
80 0.0 0.652820470382
81 0.652820470382 0.0
82 0.0 0.0
83 0.0 0.522815315091
84 0.522815315091 0.0
85 0.0 0.0
86 0.0 0.691292276188
87 0.691292276188 0.0
88 0.0 0.056640625
89 0.0 0.60244299441
90 0.60244299441 0.0
91 0.0 0.0
92 0.0 0.533796037946
93 0.533796037946 0.0
94 0.0 0.0
95 0.0 0.661552273497
96 0.661552273497 0.0
97 0.0 0.0195312889255
98 0.0 0.612866693613
99 0.612866693613 0.0
100 0.0 1.55701929209e-07
101 0.0 0.631492459044
102 0.631492303342 1.55701929209e-07
103 0.0 0.0
104 0.0 0.698916999661
105 0.698916999661 0.0
106 0.0 0.00390625
107 0.0 0.629129331939
108 0.629129331939 0.0
109 0.0 0.0
110 0.0 0.719532246492
111 0.71953209079 1.55701929209e-07
112 0.0 0.0
113 0.0 0.697299568021
114 0.697299568021 0.0
115 0.0 0.0
116 0.0 0.670751260251
117 0.670751260251 0.0
118 0.0 0.0
119 0.0 0.782446569326
120 0.782446569326 0.0
121 0.0 0.0
122 0.0 0.749283771126
123 0.749283771126 0.0
124 0.0 0.0
125 0.0 0.692427070773
126 0.692427070773 0.0
127 0.0 0.0
128 0.0 0.849299372459
129 0.849299372459 0.0
130 0.0 0.0
131 0.0 0.752248024454
132 0.752248024454 0.0
133 0.0 0.0
134 0.0 0.738800905189
135 0.0 0.0
136 0.0 0.738800905189
137 0.738800905189 0.0
138 0.0 0.0
139 0.0 0.714638846261
140 0.714638846261 0.0
141 0.0 0.0
142 0.0 0.817746532207
143 0.817746532207 0.0
144 0.0 7.78509646046e-08
145 0.0 0.761026966329
146 0.761026966329 0.0
147 0.0 0.0
148 0.0 0.813919690191
149 0.813919690191 0.0
150 0.0 0.0
151 0.0 0.787854253029
152 0.787854253029 0.0
153 0.0 0.0
154 0.0 0.797053823666
155 0.797053823666 0.0
156 0.104026794434 0.0
157 0.0 0.0
===================================
Epoch 25
===================================
0 0.0 0.046875
1 0.0 0.859775445899
2 0.268492426191 0.806977057944
3 0.211193551823 0.0
4 0.0 0.046875
5 0.0 0.406105547535
6 0.40610550861 3.89254823023e-08
7 0.0 0.0
8 0.0 0.35366934173
9 0.35366934173 0.0
10 0.0 0.171875
11 0.0 0.409714017596
12 0.0 0.171875009731
13 0.0 0.409714017596
14 0.409714017596 0.0
15 0.0 0.265625
16 0.0 0.605386072276
17 0.605386072276 0.0
18 0.0 0.046875
19 0.0 0.57123012932
20 0.57123012932 0.0
21 0.0 0.01953125
22 0.0 0.164802278791
23 0.164802278791 0.0
24 0.0 0.125
25 0.0 0.611408155792
26 0.611408155792 3.89254823023e-08
27 0.0 0.0
28 0.0 0.631362525784
29 0.631362525784 0.0
30 0.0 0.0
31 0.0 0.101923202982
32 0.10192319325 9.73137057557e-09
33 0.0 0.015625
34 0.0 0.627959095702
35 0.627959095702 0.0
36 0.0 7.78509646046e-08
37 0.0 0.637314932687
38 0.637314932687 0.0
39 0.0 0.128904926534
40 0.0 0.574658413323
41 0.0 0.126953125
42 0.0 0.574658413323
43 0.574658413323 0.0
44 0.0 0.0234375
45 0.0 0.532479578135
46 0.532479578135 7.78509646046e-08
47 0.0 0.0078125
48 0.0 0.495813486527
49 0.495813486527 0.0
50 0.0 0.06640625
51 0.0 0.375756575137
52 0.375756555674 1.94627411511e-08
53 0.0 0.0
54 0.0 0.472323047871
55 0.472323047871 7.78509646046e-08
56 0.0 0.0
57 0.0 0.520675970584
58 0.520675970584 0.0
59 0.0 0.015625
60 0.0 0.382906310412
61 0.38290629095 1.94627411511e-08
62 0.0 0.0078125
63 0.0 0.533194405692
64 0.533194405692 0.0
65 0.0 0.0
66 0.0 0.719653616146
67 0.719653616146 0.0
68 0.0 0.0
69 0.0 0.333280952609
70 0.333280952609 0.0
71 0.0 0.0
72 0.0 0.778506142753
73 0.778506142753 0.0
74 0.0 0.0
75 0.0 0.519011672662
76 0.519011672662 0.0
77 0.0 0.115234375
78 0.0 0.662738994676
79 0.0 0.115234413925
80 0.0 0.662738994676
81 0.662738994676 0.0
82 0.0 0.0
83 0.0 0.533924492038
84 0.533924492038 0.0
85 0.0 0.0
86 0.0 0.689929105798
87 0.689929105798 0.0
88 0.0 0.0625
89 0.0 0.609711666496
90 0.609711666496 0.0
91 0.0 0.0
92 0.0 0.535577735122
93 0.535577735122 0.0
94 0.0 0.0
95 0.0 0.651430558185
96 0.651430558185 0.0
97 0.0 0.0205078125
98 0.0 0.619183209478
99 0.619183209478 0.0
100 0.0 1.55701929209e-07
101 0.0 0.64207287224
102 0.64207287224 0.0
103 0.0 1.55701929209e-07
104 0.0 0.695117716887
105 0.695117716887 0.0
106 0.0 0.00390628892548
107 0.0 0.626681931165
108 0.626681931165 0.0
109 0.0 0.0
110 0.0 0.7249564346
111 0.7249564346 1.55701929209e-07
112 0.0 0.0
113 0.0 0.693069458008
114 0.693069458008 0.0
115 0.0 0.0
116 0.0 0.672341833309
117 0.672341833309 0.0
118 0.0 0.0
119 0.0 0.780892819774
120 0.780892819774 0.0
121 0.0 0.0
122 0.0 0.750830669792
123 0.750830669792 0.0
124 0.0 0.0
125 0.0 0.698047832567
126 0.698047832567 0.0
127 0.0 0.0
128 0.0 0.85173525129
129 0.85173525129 0.0
130 0.0 0.0
131 0.0 0.753707262934
132 0.753707262934 0.0
133 0.0 0.0
134 0.0 0.742914628009
135 0.0 7.78509646046e-08
136 0.0 0.742914628009
137 0.742914628009 0.0
138 0.0 0.0
139 0.0 0.714997583506
140 0.714997583506 0.0
141 0.0 0.0
142 0.0 0.817222128109
143 0.817222128109 0.0
144 0.0 0.0
145 0.0 0.76725364218
146 0.76725364218 0.0
147 0.0 0.0
148 0.0 0.818628427934
149 0.818628427934 0.0
150 0.0 0.0
151 0.0 0.783212155712
152 0.783212155712 0.0
153 0.0 0.0
154 0.0 0.796909020872
155 0.796909020872 0.0
156 0.119121551514 0.0
157 0.0 0.0
===================================
Epoch 30
===================================
0 0.0 0.046875
1 0.0 0.861614567893
2 0.279037650751 0.806388835518
3 0.220902929501 0.0
4 0.0 0.046875
5 0.0 0.395960476934
6 0.395960476934 0.0
7 0.0 0.0
8 0.0 0.356862515819
9 0.356862515819 0.0
10 0.0 0.179687509731
11 0.0 0.423099196687
12 0.0 0.179687509731
13 0.0 0.423099196687
14 0.423099196687 0.0
15 0.0 0.265625
16 0.0 0.595946214637
17 0.595946175711 3.89254823023e-08
18 0.0 0.046875
19 0.0 0.521860511935
20 0.521860511935 0.0
21 0.0 0.0234375097314
22 0.0 0.165767523707
23 0.165767523707 0.0
24 0.0 0.125
25 0.0 0.594396707963
26 0.594396707963 0.0
27 3.89254823023e-08 0.0
28 0.0 0.611105471241
29 0.611105471241 0.0
30 0.0 0.0
31 0.0 0.100560353727
32 0.100560353727 0.0
33 0.0 0.0234375
34 0.0 0.637227603367
35 0.637227603367 0.0
36 0.0 0.0
37 0.0 0.65951787209
38 0.65951787209 0.0
39 0.0 0.134762725052
40 0.0 0.579724915174
41 0.0 0.1328125
42 0.0 0.579724915174
43 0.579724915174 0.0
44 0.0 0.023437577851
45 0.0 0.51111345875
46 0.51111345875 2.33552893814e-07
47 0.0 0.0078125
48 0.0 0.497193706279
49 0.497193706279 0.0
50 0.0 0.064453125
51 0.0 0.379475554641
52 0.379475535179 1.94627411511e-08
53 0.0 0.0
54 0.0 0.479524651352
55 0.479524651352 0.0
56 0.0 0.0
57 0.0 0.526351928711
58 0.526351928711 0.0
59 0.0 0.015625
60 0.0 0.382067874986
61 0.382067855524 1.94627411511e-08
62 0.0 0.0078125
63 0.0 0.537703066456
64 0.537703066456 0.0
65 0.0 1.55701929209e-07
66 0.0 0.712529707928
67 0.712529707928 0.0
68 0.0 0.0
69 0.0 0.348011853744
70 0.348011853744 0.0
71 0.0 0.0
72 0.0 0.778734829961
73 0.778734829961 0.0
74 0.0 0.0
75 0.0 0.51819314762
76 0.51819314762 0.0
77 0.0 0.12890625
78 0.0 0.668918414992
79 0.0 0.12890625
80 0.0 0.668918414992
81 0.668918414992 0.0
82 0.0 0.0
83 0.0 0.543107013313
84 0.543107013313 0.0
85 0.0 0.0
86 0.0 0.694202033841
87 0.694202033841 0.0
88 0.0 0.0703125
89 0.0 0.617534832079
90 0.617534832079 0.0
91 0.0 0.0
92 0.0 0.546857561384
93 0.546857561384 0.0
94 0.0 0.0
95 0.0 0.659192455058
96 0.659192455058 0.0
97 0.0 0.025390625
98 0.0 0.627257872601
99 0.627257872601 0.0
100 0.0 1.55701929209e-07
101 0.0 0.645888815121
102 0.645888815121 0.0
103 1.55701929209e-07 0.0
104 0.0 0.702065759776
105 0.702065759776 0.0
106 0.0 0.00390625
107 0.0 0.630011811548
108 0.630011811548 0.0
109 0.0 0.0
110 0.0 0.720252679319
111 0.720252679319 0.0
112 0.0 0.0
113 0.0 0.693674827109
114 0.693674827109 0.0
115 0.0 0.000976601425482
116 0.0 0.666241431723
117 0.666241431723 0.0
118 0.0 0.0
119 0.0 0.787416419204
120 0.787416419204 0.0
121 0.0 0.0
122 0.0 0.745076237893
123 0.745076237893 0.0
124 0.0 0.0
125 0.0 0.695025424568
126 0.695025424568 0.0
127 0.0 0.0
128 0.0 0.852704729353
129 0.852704729353 0.0
130 0.0 0.0
131 0.0 0.749773297991
132 0.749773297991 0.0
133 0.0 0.0
134 0.0 0.743327549526
135 0.0 0.0
136 0.0 0.743327549526
137 0.743327549526 0.0
138 0.0 0.0
139 0.0 0.715150794204
140 0.715150794204 0.0
141 0.0 0.0
142 0.0 0.820337412309
143 0.820337412309 0.0
144 0.0 0.0
145 0.0 0.76824958957
146 0.76824958957 0.0
147 0.0 0.0
148 0.0 0.821334216059
149 0.821334216059 3.11403858418e-07
150 0.0 0.0
151 0.0 0.794756830955
152 0.794756830955 0.0
153 0.0 0.0
154 0.0 0.80014606398
155 0.80014606398 0.0
156 0.11869430542 0.0
157 0.0 0.0
===================================
Epoch 35
===================================
0 0.0 0.046875
1 0.0 0.860803574932
2 0.277178306969 0.808568214884
3 0.208941440193 0.0
4 0.0 0.046875
5 0.0 0.430107428103
6 0.430107428103 0.0
7 0.0 0.0
8 0.0 0.372958280602
9 0.372958280602 0.0
10 0.0 0.1796875
11 0.0 0.433050048595
12 0.0 0.1796875
13 0.0 0.433050048595
14 0.433050048595 0.0
15 0.0 0.265625
16 0.0 0.608804508131
17 0.608804508131 0.0
18 0.0 0.046875
19 0.0 0.53041707253
20 0.53041707253 0.0
21 0.0 0.0234375
22 0.0 0.172533482921
23 0.172533463459 1.94627411511e-08
24 0.0 0.125
25 0.0 0.611607960292
26 0.611607960292 3.89254823023e-08
27 0.0 3.89254823023e-08
28 0.0 0.615717518086
29 0.615717518086 0.0
30 0.0 0.0
31 0.0 0.114817872339
32 0.114817872339 0.0
33 0.0 0.0234375
34 0.0 0.64686473535
35 0.64686473535 0.0
36 0.0 0.0
37 0.0 0.588363258206
38 0.588363258206 0.0
39 0.0 0.134765625
40 0.0 0.569905378381
41 0.0 0.134765625
42 0.0 0.569905378381
43 0.569905378381 0.0
44 0.0 0.0234375
45 0.0 0.5035309305
46 0.5035309305 0.0
47 7.78509646046e-08 0.0078125
48 0.0 0.513224387655
49 0.513224387655 0.0
50 0.0 0.06640625
51 0.0 0.35784178364
52 0.35784178364 0.0
53 0.0 0.0
54 0.0 0.497874824368
55 0.497874824368 0.0
56 0.0 7.78509646046e-08
57 0.0 0.516518729074
58 0.516518729074 0.0
59 0.0 0.015625
60 0.0 0.35848598091
61 0.35848598091 0.0
62 0.0 0.0078125
63 0.0 0.559212509467
64 0.559212509467 0.0
65 0.0 0.0
66 0.0 0.680950631901
67 0.680950631901 0.0
68 0.0 0.0
69 0.0 0.330676487514
70 0.330676487514 0.0
71 0.0 3.89254823023e-08
72 0.0 0.755486079625
73 0.755486079625 0.0
74 0.0 0.0
75 0.0 0.493037165428
76 0.493037165428 0.0
77 0.0 0.127929726425
78 0.0 0.648919553173
79 0.0 0.127929726425
80 0.0 0.648919553173
81 0.648919553173 0.0
82 0.0 0.0
83 0.0 0.544605644382
84 0.544605644382 0.0
85 0.0 0.0
86 0.0 0.682578573422
87 0.682578573422 0.0
88 0.0 0.0703125
89 0.0 0.578531965917
90 0.578531965917 0.0
91 0.0 0.0
92 0.0 0.556341677296
93 0.556341677296 0.0
94 1.55701929209e-07 0.0
95 0.0 0.648501804897
96 0.648501804897 0.0
97 0.0 0.0234375389255
98 0.0 0.60796383449
99 0.60796383449 0.0
100 0.0 1.55701929209e-07
101 0.0 0.6607857529
102 0.6607857529 0.0
103 1.55701929209e-07 0.0
104 0.0 0.681096135354
105 0.681096135354 0.0
106 0.0 0.0029296875
107 0.0 0.614903780879
108 0.614903780879 0.0
109 0.0 0.0
110 0.0 0.716152736119
111 0.716152736119 0.0
112 0.0 0.0
113 0.0 0.686633363062
114 0.686633363062 0.0
115 0.0 0.0
116 0.0 0.65678386299
117 0.656783824064 3.89254823023e-08
118 0.0 0.0
119 0.0 0.786420393963
120 0.786420393963 3.11403858418e-07
121 1.55701929209e-07 0.0
122 0.0 0.737848554339
123 0.737848554339 0.0
124 0.0 0.0
125 0.0 0.701580903968
126 0.701580903968 0.0
127 0.0 7.78509646046e-08
128 0.0 0.851900606739
129 0.851900606739 0.0
130 0.0 0.0
131 0.0 0.738396158024
132 0.738396158024 0.0
133 0.0 0.0
134 0.0 0.673017151502
135 0.0 0.0
136 0.0 0.673017151502
137 0.673017151502 0.0
138 0.0 0.0
139 0.0 0.745994100765
140 0.745994100765 0.0
141 0.0 0.0
142 0.0 0.823196099729
143 0.823196099729 0.0
144 0.0 0.0
145 0.0 0.631780741166
146 0.631780741166 0.0
147 0.0 0.0
148 0.0 0.833745216837
149 0.833745216837 0.0
150 0.0 0.0
151 0.0 0.792616240832
152 0.792616240832 0.0
153 0.0 0.0
154 0.0 0.645862968601
155 0.645862968601 0.0
156 0.0327491760254 0.0
157 0.0 0.0
===================================
Epoch 40
===================================
0 0.0 0.046875
1 0.0 0.858873951192
2 0.272694042751 0.808042691678
3 0.203325038054 7.78509646046e-08
4 0.0 0.046875
5 0.0 0.418888909476
6 0.418888909476 3.89254823023e-08
7 0.0 0.0
8 0.0 0.371688881699
9 0.371688881699 0.0
10 0.0 0.1796875
11 0.0 0.432229363188
12 0.0 0.1796875
13 0.0 0.432229363188
14 0.432229363188 0.0
15 0.0 0.265625
16 0.0 0.608742032732
17 0.608741915956 1.16776446907e-07
18 7.78509646046e-08 0.046875
19 0.0 0.531966228874
20 0.531966228874 0.0
21 0.0 0.0234375
22 0.0 0.177258394202
23 0.177258394202 0.0
24 0.0 0.125
25 0.0 0.616697973135
26 0.616697934209 3.89254823023e-08
27 0.0 0.0
28 0.0 0.616492757992
29 0.616492757992 0.0
30 0.0 0.0
31 0.0 0.11993598938
32 0.11993598938 0.0
33 0.0 0.0234375194627
34 0.0 0.652832206415
35 0.652832206415 0.0
36 0.0 0.0
37 0.0 0.600524902344
38 0.600524902344 0.0
39 0.0 0.134765625
40 0.0 0.574639534464
41 0.0 0.134765644463
42 0.0 0.574639534464
43 0.574639534464 0.0
44 0.0 0.0234375
45 0.0 0.514735552729
46 0.514735552729 0.0
47 0.0 0.0078125
48 0.0 0.508049711889
49 0.508049711889 0.0
50 0.0 0.06640625
51 0.0 0.355957576207
52 0.355957556744 1.94627411511e-08
53 0.0 0.0
54 0.0 0.504831275161
55 0.504831275161 0.0
56 0.0 0.0
57 0.0 0.511028990454
58 0.511028990454 0.0
59 0.0 0.015625
60 0.0 0.365714112107
61 0.365714112107 0.0
62 0.0 0.0078125
63 0.0 0.558720802774
64 0.558720802774 0.0
65 0.0 0.0
66 0.0 0.688830550836
67 0.688830550836 0.0
68 0.0 0.0
69 0.0 0.335902914709
70 0.335902914709 0.0
71 0.0 0.0
72 0.0 0.765357971191
73 0.765357971191 0.0
74 0.0 0.0
75 0.0 0.489733326192
76 0.489733326192 0.0
77 0.0 0.1279296875
78 0.0 0.647237077051
79 0.0 0.1279296875
80 0.0 0.647237077051
81 0.647237077051 0.0
82 0.0 0.0
83 0.0 0.564700846769
84 0.564700691067 1.55701929209e-07
85 0.0 0.0
86 0.0 0.69041193748
87 0.69041193748 0.0
88 0.0 0.0703125
89 0.0 0.587545511674
90 0.587545511674 0.0
91 0.0 0.0
92 0.0 0.573061106156
93 0.573060950454 1.55701929209e-07
94 1.55701929209e-07 0.0
95 0.0 0.654588504713
96 0.654588504713 0.0
97 0.0 0.0234375
98 0.0 0.610377525797
99 0.610377525797 0.0
100 0.0 0.0
101 0.0 0.669901478047
102 0.669901478047 0.0
103 1.55701929209e-07 0.0
104 0.0 0.68757022157
105 0.68757022157 0.0
106 0.0 0.0029296875
107 0.0 0.610865417792
108 0.610865417792 0.0
109 0.0 0.0
110 0.0 0.724075940191
111 0.724075784489 1.55701929209e-07
112 0.0 0.0
113 0.0 0.691214425223
114 0.691214425223 0.0
115 0.0 0.0
116 0.0 0.659524761901
117 0.659524761901 0.0
118 0.0 0.0
119 0.0 0.782819319744
120 0.782819164043 1.55701929209e-07
121 1.55701929209e-07 1.55701929209e-07
122 0.0 0.738295263174
123 0.738295263174 0.0
124 0.0 0.0
125 0.0 0.70855020017
126 0.70855020017 0.0
127 0.0 0.0
128 0.0 0.850247986463
129 0.850247986463 0.0
130 0.0 0.0
131 0.0 0.738782921616
132 0.738782921616 0.0
133 0.0 7.78509646046e-08
134 0.0 0.663633619036
135 0.0 0.0
136 0.0 0.663633619036
137 0.663633619036 0.0
138 0.0 0.0
139 0.0 0.759331839425
140 0.759331839425 0.0
141 0.0 0.0
142 0.0 0.821022500797
143 0.821022500797 0.0
144 0.0 0.0
145 0.0 0.613682026766
146 0.613682026766 0.0
147 0.0 0.0
148 0.0 0.832104741311
149 0.832104741311 0.0
150 0.0 0.0
151 0.0 0.784357187699
152 0.784357187699 0.0
153 0.0 0.0
154 0.0 0.593864129514
155 0.593864129514 0.0
156 0.0183219909668 0.0
157 0.0 0.0
===================================
Epoch 45
===================================
0 0.0 0.046875
1 0.0 0.859103115237
2 0.271220654857 0.80869925752
3 0.201615430871 3.89254823023e-08
4 0.0 0.046875
5 0.0 0.410429740439
6 0.410429701513 3.89254823023e-08
7 0.0 0.0
8 0.0 0.369208705669
9 0.369208705669 0.0
10 0.0 0.179687509731
11 0.0 0.434792275331
12 0.0 0.1796875
13 0.0 0.434792275331
14 0.434792255869 1.94627411511e-08
15 0.0 0.265625
16 0.0 0.612503479938
17 0.612503441013 7.78509646046e-08
18 0.0 0.046875
19 0.0 0.527230982878
20 0.527230982878 0.0
21 0.0 0.0234375097314
22 0.0 0.18260490651
23 0.18260490651 0.0
24 0.0 0.125
25 0.0 0.617564220818
26 0.617564181892 3.89254823023e-08
27 0.0 0.0
28 0.0 0.608000229816
29 0.608000229816 0.0
30 0.0 0.0
31 0.0 0.113339229506
32 0.113339229506 0.0
33 0.0 0.0234375
34 0.0 0.652693865251
35 0.652693865251 0.0
36 0.0 0.0
37 0.0 0.606808565101
38 0.606808565101 0.0
39 0.0 0.134765625
40 0.0 0.575655061371
41 0.0 0.134765625
42 0.0 0.575655061371
43 0.575655061371 0.0
44 0.0 0.0234375
45 0.0 0.518468740035
46 0.518468740035 0.0
47 0.0 0.0078125
48 0.0 0.500814009686
49 0.500814009686 0.0
50 0.0 0.06640625
51 0.0 0.355112309359
52 0.355112309359 0.0
53 0.0 0.0
54 0.0 0.506730371592
55 0.506730371592 0.0
56 0.0 0.0
57 0.0 0.518131256104
58 0.518131256104 0.0
59 0.0 0.015625
60 0.0 0.377649560267
61 0.377649560267 0.0
62 0.0 0.0078125
63 0.0 0.569123482218
64 0.569123482218 0.0
65 0.0 7.78509646046e-08
66 0.0 0.685411025067
67 0.685411025067 0.0
68 0.0 0.0
69 0.0 0.343093677443
70 0.343093677443 0.0
71 0.0 0.0
72 0.0 0.767949357325
73 0.767949357325 3.89254823023e-08
74 0.0 0.0
75 0.0 0.479531580088
76 0.479531580088 0.0
77 0.0 0.127929726425
78 0.0 0.647796864412
79 0.0 0.1279296875
80 0.0 0.647796864412
81 0.647796864412 0.0
82 0.0 0.0
83 0.0 0.576811187121
84 0.576811187121 0.0
85 0.0 0.0
86 0.0 0.690757440061
87 0.690757440061 0.0
88 0.0 0.0703125
89 0.0 0.584799318897
90 0.584799318897 0.0
91 0.0 0.0
92 0.0 0.577292306083
93 0.577292306083 0.0
94 0.0 0.0
95 0.0 0.650063962353
96 0.650063962353 0.0
97 0.0 0.0234375
98 0.0 0.613150187901
99 0.613150187901 0.0
100 0.0 0.0
101 0.0 0.677646247708
102 0.677646247708 0.0
103 0.0 0.0
104 0.0 0.68781233807
105 0.68781233807 0.0
106 0.0 0.0029296875
107 0.0 0.609607891161
108 0.609607891161 0.0
109 0.0 0.0
110 0.0 0.727482231296
111 0.727482231296 0.0
112 0.0 0.0
113 0.0 0.688915953344
114 0.688915953344 0.0
115 0.0 0.0
116 0.0 0.663286637287
117 0.663286637287 0.0
118 0.0 0.0
119 0.0 0.788797495316
120 0.788797495316 0.0
121 0.0 0.0
122 0.0 0.740001756318
123 0.740001756318 0.0
124 0.0 0.0
125 0.0 0.715069401021
126 0.715069401021 0.0
127 0.0 0.0
128 0.0 0.850989127646
129 0.850989127646 0.0
130 0.0 0.0
131 0.0 0.738734965422
132 0.738734965422 0.0
133 0.0 0.0
134 0.0 0.671649543607
135 0.0 0.0
136 0.0 0.671649543607
137 0.671649543607 0.0
138 0.0 0.0
139 0.0 0.765278718909
140 0.765278718909 0.0
141 0.0 0.0
142 0.0 0.818955713389
143 0.818955713389 0.0
144 0.0 0.0
145 0.0 0.623421260289
146 0.623421260289 0.0
147 0.0 0.0
148 0.0 0.831415915976
149 0.831415915976 0.0
150 0.0 0.0
151 0.0 0.779584612165
152 0.779584612165 0.0
153 0.0 0.0
154 0.0 0.58004340347
155 0.58004340347 0.0
156 0.0172920227051 0.0
157 0.0 0.0
