===================================
Epoch 0
===================================
0 0.00303816308781 0.963390428193
1 0.000759932459617 0.998914125014
2 0.512090566207 0.998698896291
3 0.350291660854 0.997783972293
4 0.000775668085838 0.999082993488
5 0.000774811725227 0.999940911118
6 0.49366888708 0.999888906674
7 0.000975472586496 0.999753290293
8 0.000826971871512 0.999996847036
9 0.505262569505 0.999993616221
10 0.00188624129003 0.999988799192
11 0.000916675645478 1.0
12 0.00162516808023 0.999936901793
13 0.00078517563489 1.0
14 0.501164835327 1.0
15 0.000368351839027 1.0
16 0.000970178720902 1.0
17 0.498266492571 1.0
18 0.00100540628239 0.999999883224
19 0.000935573967136 1.0
20 0.501919571234 1.0
21 0.00188012998931 1.0
22 0.000964826467086 1.0
23 0.346140696078 1.0
24 0.000259088010204 1.0
25 0.000974733002332 1.0
26 0.503380211032 1.0
27 0.00101097262636 1.0
28 0.000948536152742 1.0
29 0.479540844353 1.0
30 0.00189754914264 1.0
31 0.000934153187032 1.0
32 0.290138380868 1.0
33 0.000317982264927 1.0
34 0.000934367277184 1.0
35 0.499664073088 1.0
36 0.000954764229911 1.0
37 0.000930007623166 1.0
38 0.498933908891 1.0
39 0.00191686591324 1.0
40 0.000941179236587 1.0
41 0.000623683540189 1.0
42 0.000928917709662 1.0
43 0.49803352356 1.0
44 0.000343945561623 1.0
45 0.000980922154018 1.0
46 0.497882920869 1.0
47 0.000911401242626 1.0
48 0.000952195148079 1.0
49 0.50105246719 1.0
50 0.00192237386898 1.0
51 0.000958111821389 1.0
52 0.347595428934 1.0
53 0.00026290270747 1.0
54 0.000963483537946 1.0
55 0.503231827094 1.0
56 0.000961615114796 1.0
57 0.000954374975088 1.0
58 0.500411286646 1.0
59 0.00196892874581 1.0
60 0.000959805079869 1.0
61 0.289151989684 1.0
62 0.00020965264768 1.0
63 0.000964339898557 1.0
64 0.502986363002 1.0
65 0.000936936359016 1.0
66 0.000970412273796 1.0
67 0.505185107796 1.0
68 0.00197996412005 1.0
69 0.000992502485003 1.0
70 0.252505613833 1.0
71 0.000276760179169 1.0
72 0.000965196259168 1.0
73 0.504516329084 1.0
74 0.00098247917331 1.0
75 0.000965974768814 1.0
76 0.499165281958 1.0
77 0.00195507127412 1.0
78 0.000983452310368 1.0
79 0.00054729228117 1.0
80 0.000971502187301 1.0
81 0.500570881123 1.0
82 0.000347682407924 1.0
83 0.00096877740354 1.0
84 0.503206058424 1.0
85 0.00102140465561 1.0
86 0.000994001116071 1.0
87 0.498883150062 1.0
88 0.00195043914172 1.0
89 0.000977379935128 1.0
90 0.34823008946 1.0
91 0.00028353321309 1.0
92 0.000981544961735 1.0
93 0.493360246931 1.0
94 0.00105238933952 1.0
95 0.000958501076212 1.0
96 0.500153210698 1.0
97 0.00190824391891 1.0
98 0.00096827137227 1.0
99 0.292842709288 1.0
100 0.000209107690928 1.0
101 0.000999139279735 1.0
102 0.495059422084 1.0
103 0.00102000333825 1.0
104 0.000986060317682 1.0
105 0.499347764619 1.0
106 0.00196445231535 1.0
107 0.000971930367606 1.0
108 0.257284592609 1.0
109 0.000198364257812 1.0
110 0.000983569086814 1.0
111 0.500122537418 1.0
112 0.00104429283921 1.0
113 0.000988862952408 1.0
114 0.497899113869 1.0
115 0.00197897152025 1.0
116 0.000983763714226 1.0
117 0.230560147032 1.0
118 0.000158348862006 1.0
119 0.000965351961097 1.0
120 0.50031311658 1.0
121 0.00103899897361 1.0
122 0.000998672173948 1.0
123 0.501410348075 1.0
124 0.00202766729861 1.0
125 0.00100587338817 1.0
126 0.213731687896 1.0
127 0.000219928975008 1.0
128 0.000989485760124 1.0
129 0.503234474026 1.0
130 0.0010522336376 1.0
131 0.000989330058195 1.0
132 0.502796095245 1.0
133 0.00202926324338 1.0
134 0.00102202746333 1.0
135 0.000445930325255 1.0
136 0.00099127633231 1.0
137 0.49896286945 1.0
138 0.00036029426419 1.0
139 0.00100645727041 1.0
140 0.502776165398 1.0
141 0.00108524244659 1.0
142 0.00103323800223 1.0
143 0.501019224829 1.0
144 0.00204319856605 1.0
145 0.00101385311205 1.0
146 0.346531070009 1.0
147 0.000283377511161 1.0
148 0.00100770288584 1.0
149 0.499546284578 1.0
150 0.00111607142857 1.0
151 0.0010192248286 1.0
152 0.50188212492 1.0
153 0.00203486851283 1.0
154 0.0010509101712 1.0
155 0.290112709513 1.0
156 0.0 1.0
157 0.0016171875 0.999
===================================
Epoch 5
===================================
0 0.000492261380565 0.999999912418
1 0.00232807470828 0.999987349218
2 0.320617432497 0.999987281099
3 0.260619805784 0.999971623323
4 0.000975939692283 1.0
5 0.00152311519701 0.999994511507
6 0.407617140789 0.999994472582
7 0.000610195860571 1.0
8 0.00143315840741 0.99999922149
9 0.388634545462 0.999999182565
10 0.00222482486647 0.999999941612
11 0.00287242811553 0.999999270147
12 0.000970499856131 0.999999815104
13 0.00223623003278 0.999999270147
14 0.368268450912 0.99999922149
15 0.0053741688631 1.0
16 0.00226063631019 1.0
17 0.654088584744 1.0
18 0.00165974363989 1.0
19 0.00225623773069 1.0
20 0.666092269275 1.0
21 0.0273945672171 0.999999990269
22 0.00586976810377 0.999999231222
23 0.16395535761 0.99999922149
24 0.00137235680405 1.0
25 0.00244685581752 1.0
26 0.610076203638 1.0
27 0.00355276769521 1.0
28 0.00256725233428 1.0
29 0.650886963825 0.999999883224
30 0.061908936014 1.0
31 0.0396233870059 0.999999202028
32 0.0873113165096 0.999999182565
33 0.000853519050442 1.0
34 0.00262988343531 1.0
35 0.567490363608 1.0
36 0.0013539839764 1.0
37 0.00249247648278 0.999999688596
38 0.524932705626 0.999999455043
39 0.0105726475618 0.999999941612
40 0.00535571818449 0.999999377192
41 0.00156042527179 0.999999980537
42 0.00351432878144 0.999999377192
43 0.482764205154 0.99999935773
44 0.00142918800821 1.0
45 0.00322980296855 0.999996263154
46 0.375841724629 0.999995873899
47 0.00174752060248 0.999999766447
48 0.00375903382593 0.999997353067
49 0.482884621134 0.999996029601
50 0.0259755582226 0.999999746984
51 0.0142684664045 0.999999883224
52 0.287823482436 0.999999883224
53 0.00122148163465 1.0
54 0.00277811167191 0.999999455043
55 0.438790768993 0.999999299341
56 0.00127916919942 0.999999844298
57 0.00242147640306 0.99999922149
58 0.539586826247 0.999998832236
59 0.0142277114245 0.999999922149
60 0.0135296412877 0.999999980537
61 0.291247192694 0.999999980537
62 0.00114962519432 1.0
63 0.00255390089385 1.0
64 0.543166180046 1.0
65 0.00105620403679 1.0
66 0.00179687811404 0.999999766447
67 0.697336313676 0.999999766447
68 0.0169396303138 0.999999980537
69 0.0187808250894 0.999999980537
70 0.268436626512 0.999999980537
71 0.000745189433195 1.0
72 0.00142031299825 0.999999922149
73 0.765116516425 0.999999922149
74 0.00125822728994 1.0
75 0.00208951988999 0.999997664471
76 0.526600896096 0.999996574558
77 0.00379597410864 0.999999922149
78 0.00400426436444 0.999999961075
79 0.00209154401507 1.0
80 0.00391473575514 0.999999961075
81 0.59334202202 0.999999961075
82 0.00115484120894 1.0
83 0.00349426269531 1.0
84 0.454771080796 1.0
85 0.00154409603197 1.0
86 0.00284950100646 0.999999844298
87 0.680787689832 0.999999688596
88 0.0104590046163 0.999999922149
89 0.00819677236129 1.0
90 0.527510506766 1.0
91 0.00105488057039 1.0
92 0.00306592668806 1.0
93 0.490312848772 1.0
94 0.00118644870057 1.0
95 0.00234300263074 1.0
96 0.664306173519 0.999999688596
97 0.00575672850317 0.999999922149
98 0.00380076194296 1.0
99 0.547533891639 1.0
100 0.000953985720265 1.0
101 0.00235966273717 0.999999844298
102 0.629352647431 0.999999844298
103 0.00104756257972 1.0
104 0.00181330466757 0.999999844298
105 0.725225487534 0.99999922149
106 0.00697416188766 0.999999844298
107 0.00379289899554 1.0
108 0.579179374539 1.0
109 0.00104569415657 1.0
110 0.00192836839326 1.0
111 0.727813409299 1.0
112 0.00164078693001 0.999999844298
113 0.00210991684271 0.999999844298
114 0.716703920948 0.999999532894
115 0.0073684380979 0.999999922149
116 0.003117736505 1.0
117 0.634820354228 1.0
118 0.00138465725646 1.0
119 0.00161821015027 1.0
120 0.780851558763 1.0
121 0.00220209238481 1.0
122 0.00201758559869 1.0
123 0.7473043325 0.999999688596
124 0.00714811986806 1.0
125 0.00349068155094 1.0
126 0.641040918778 1.0
127 0.001220703125 1.0
128 0.00114137299207 1.0
129 0.827623951192 1.0
130 0.00132284359056 0.999999688596
131 0.00163891850686 0.999999377192
132 0.754957238022 0.999999377192
133 0.00534158823441 1.0
134 0.00255483510543 1.0
135 0.00476004152882 1.0
136 0.00268072011519 1.0
137 0.716100887376 1.0
138 0.000569246253189 1.0
139 0.0024579106545 1.0
140 0.686228538046 1.0
141 0.00115842235332 1.0
142 0.00163144481425 1.0
143 0.796070955238 1.0
144 0.00765033644073 1.0
145 0.00210236529915 1.0
146 0.708857867183 1.0
147 0.000619693678253 1.0
148 0.00210944973693 1.0
149 0.747613712233 1.0
150 0.00132471201371 1.0
151 0.0019104626714 1.0
152 0.787947362783 1.0
153 0.00912639072963 1.0
154 0.00102630926638 1.0
155 0.796989674471 1.0
156 0.115367889404 0.98486328125
157 0.000328125 0.99834375
===================================
Epoch 10
===================================
0 0.0188176485957 1.0
1 0.0474998804988 0.999984887181
2 0.291577796547 0.999984867719
3 0.237167903355 0.999955858503
4 0.031659106819 1.0
5 0.0325667712153 0.99999637993
6 0.397378765807 0.99999637993
7 0.00061728029835 1.0
8 0.00153996993084 0.999998209428
9 0.373575950155 0.999998170502
10 0.0379062088168 1.0
11 0.0342829859987 0.999998345667
12 0.026699562462 0.999999970806
13 0.0328865829779 0.999998345667
14 0.382727807882 0.999998277547
15 0.16347495877 1.0
16 0.14235091696 1.0
17 0.626494543893 1.0
18 0.00154584767867 1.0
19 0.00205335811693 1.0
20 0.648384133164 1.0
21 0.0303790715276 0.999999980537
22 0.00792295105603 0.999998277547
23 0.160937065981 0.999998277547
24 0.00299667825504 1.0
25 0.00222844493632 0.999999922149
26 0.594395112018 0.999999883224
27 0.00253650120326 1.0
28 0.00196686569525 1.0
29 0.634452041315 0.999999961075
30 0.0539335328705 0.999999980537
31 0.0267753114506 0.999998248353
32 0.096569761938 0.999998248353
33 0.000773721811723 1.0
34 0.00240859206842 1.0
35 0.605075252299 1.0
36 0.00120147393674 1.0
37 0.00209660432777 0.999999922149
38 0.55654619178 0.999999610745
39 0.0624251462975 0.999999902686
40 0.0446405410767 0.999999844298
41 0.0295336197834 1.0
42 0.0440897065766 0.999999844298
43 0.527768427012 0.999999844298
44 0.00206741021604 1.0
45 0.00417577003946 0.999995640346
46 0.417086075763 0.999995640346
47 0.0020776086924 1.0
48 0.00426397518236 0.999999143639
49 0.475463010827 0.999998598683
50 0.0455001908906 0.999999961075
51 0.0200990754731 0.999999922149
52 0.322272592661 0.999999922149
53 0.00115935656489 1.0
54 0.00254922983598 0.999999844298
55 0.435920948885 0.999999844298
56 0.00118769431601 1.0
57 0.00209442450076 0.999999610745
58 0.524159645548 0.999999455043
59 0.0241651145779 1.0
60 0.0157720993976 0.999999922149
61 0.324865419037 0.999999922149
62 0.00105363495496 1.0
63 0.00232525261081 0.999999922149
64 0.544677422971 0.999999766447
65 0.0010860988072 1.0
66 0.00165635712293 0.999999844298
67 0.703358397192 0.999999688596
68 0.0225471185178 0.999999980537
69 0.0232697895595 0.999999961075
70 0.284814562116 0.999999961075
71 0.000728685028699 1.0
72 0.00129049651477 1.0
73 0.775070774312 0.999999961075
74 0.00132128657127 1.0
75 0.00199314039581 0.999996885961
76 0.519513811384 0.999995328942
77 0.0311396073322 0.999999844298
78 0.0273264281604 0.999999961075
79 0.0250646630112 1.0
80 0.0276831023547 0.999999961075
81 0.628712517875 0.999999961075
82 0.00125262202049 1.0
83 0.00345144466478 1.0
84 0.48733131253 1.0
85 0.00158535704321 1.0
86 0.00257951386121 0.999999688596
87 0.675837458396 0.999998754385
88 0.0204522269113 0.999999649671
89 0.0112450658059 1.0
90 0.579374741535 1.0
91 0.00109365035077 1.0
92 0.00296363052057 0.999999377192
93 0.503077760035 0.99999922149
94 0.00122599699059 1.0
95 0.00224475471341 0.999999532894
96 0.650884667221 0.99999922149
97 0.00695283072335 0.999999883224
98 0.00339944022042 1.0
99 0.591477257865 1.0
100 0.00109878851443 1.0
101 0.0023971869021 1.0
102 0.631288645219 1.0
103 0.00112572494818 1.0
104 0.00191186398876 0.999999532894
105 0.699902592873 0.999998910086
106 0.00770257443798 0.999999883224
107 0.00484848022461 1.0
108 0.603707449777 1.0
109 0.0011050165916 1.0
110 0.0019392675283 1.0
111 0.719836020956 1.0
112 0.00163455885284 1.0
113 0.00213218221859 1.0
114 0.698483058384 0.999999844298
115 0.00710133143834 0.999999805373
116 0.00322665000448 1.0
117 0.657422201974 1.0
118 0.00133654536033 1.0
119 0.00159360924546 1.0
120 0.785712417291 1.0
121 0.00199516452089 1.0
122 0.00186312928492 1.0
123 0.758667303591 0.999999844298
124 0.00779763046576 1.0
125 0.00326596474161 1.0
126 0.671706491587 1.0
127 0.00120785771584 1.0
128 0.00101299675143 1.0
129 0.842574294733 1.0
130 0.0013315628986 0.999999377192
131 0.0016700588927 0.999998131577
132 0.752709524972 0.999998131577
133 0.00495404613261 0.999999766447
134 0.00235148838588 1.0
135 0.00440768806302 1.0
136 0.00247355869838 1.0
137 0.731374390271 1.0
138 0.000607860331633 1.0
139 0.00230096310985 1.0
140 0.705887152224 1.0
141 0.00122568558673 1.0
142 0.00152961575255 1.0
143 0.810100633271 1.0
144 0.00860634628607 1.0
145 0.00191887057557 1.0
146 0.739316667829 1.0
147 0.000526272520727 1.0
148 0.00146204111527 1.0
149 0.793192026566 1.0
150 0.00125495754943 1.0
151 0.00164047552615 1.0
152 0.788762929488 1.0
153 0.0070510397152 1.0
154 0.000999917789381 1.0
155 0.799350193569 1.0
156 0.11922454834 0.988090515137
157 0.0002890625 0.9985625
===================================
Epoch 15
===================================
0 0.0472781414888 1.0
1 0.0478257938307 0.999968976391
2 0.298540874403 0.999968908271
3 0.236507727175 0.999916037735
4 0.0315369197301 0.999999883224
5 0.0325911385672 0.999978162804
6 0.409354307214 0.99997777355
7 0.000581079599809 1.0
8 0.00154242223623 0.999997391993
9 0.372958436304 0.999997353067
10 0.110610757555 1.0
11 0.111733310077 0.999998637608
12 0.0992678330869 0.999999990269
13 0.110939580567 0.999998637608
14 0.398579782369 0.999998637608
15 0.250856127058 1.0
16 0.251400149598 1.0
17 0.61682716681 1.0
18 0.015707483097 1.0
19 0.0176701059147 1.0
20 0.628764911574 1.0
21 0.0415634233124 1.0
22 0.0210955775514 0.999998627877
23 0.158833863784 0.999998627877
24 0.0945809033452 1.0
25 0.0955302180076 1.0
26 0.611438361966 1.0
27 0.00162599524673 1.0
28 0.00182727891572 1.0
29 0.637358295674 1.0
30 0.0390316126298 0.999999990269
31 0.0304432985734 0.999998637608
32 0.099950547121 0.999998637608
33 0.00562379798111 1.0
34 0.00814025256099 1.0
35 0.610599186956 1.0
36 0.000981233557876 1.0
37 0.00197679169324 0.999999844298
38 0.600749346675 0.999999532894
39 0.100784048742 0.999999941612
40 0.090393533512 0.999999902686
41 0.0836417723675 1.0
42 0.0896325792585 0.999999902686
43 0.554076097449 0.999999902686
44 0.00301820404676 1.0
45 0.00440325055804 0.999996107452
46 0.463964968312 0.999996107452
47 0.00255997326909 1.0
48 0.00482528063716 0.999999922149
49 0.463191752531 0.999999766447
50 0.0599195519272 1.0
51 0.042313926074 0.999999941612
52 0.360012210145 0.999999941612
53 0.00120497723015 1.0
54 0.00229302231146 1.0
55 0.451416560582 1.0
56 0.00110595080317 1.0
57 0.0020725483797 1.0
58 0.528604312819 1.0
59 0.03094149609 1.0
60 0.0228307490446 0.999999961075
61 0.362185127881 0.999999961075
62 0.00203432355608 1.0
63 0.00221929744798 1.0
64 0.535948072161 1.0
65 0.00100201976543 1.0
66 0.00165371019013 1.0
67 0.71368960945 0.999999922149
68 0.0234499756171 0.999999980537
69 0.0220312196381 0.999999961075
70 0.313474966555 0.999999961075
71 0.000768233318718 1.0
72 0.00118707150829 0.999999922149
73 0.78090052702 0.999999844298
74 0.00122911102918 1.0
75 0.00186126086177 0.999997664471
76 0.523256885762 0.999995328942
77 0.0686699224978 0.999999844298
78 0.0696320047184 1.0
79 0.0655672890799 1.0
80 0.06931293254 1.0
81 0.647379777869 1.0
82 0.00123923165458 1.0
83 0.00313910659479 1.0
84 0.518842113261 1.0
85 0.00161494040976 0.999999844298
86 0.00246631855867 0.999998287279
87 0.681868728326 0.999993304817
88 0.0411061267464 0.99999957182
89 0.0326846375757 1.0
90 0.597543755356 1.0
91 0.0011050165916 1.0
92 0.00279469392738 1.0
93 0.522618196449 1.0
94 0.00122973383689 1.0
95 0.00221828538544 0.999999688596
96 0.656161405602 0.999999532894
97 0.0154586714141 0.999999766447
98 0.0100613418891 1.0
99 0.608711709782 0.999999961075
100 0.00121836759606 1.0
101 0.00239547418088 1.0
102 0.634940633968 1.0
103 0.00112479073661 1.0
104 0.00190439029616 0.99999922149
105 0.69830353406 0.999997508769
106 0.00934340029347 0.999999182565
107 0.00519480024065 0.999999922149
108 0.615165866151 0.999999922149
109 0.00120342021086 1.0
110 0.00197912722218 1.0
111 0.72056673011 1.0
112 0.00161712023677 1.0
113 0.00217375463369 0.999999532894
114 0.694627100108 0.999999377192
115 0.00738081640127 0.999999455043
116 0.00372178213937 0.999999922149
117 0.661787266634 0.999999922149
118 0.00138730418925 1.0
119 0.00156075613839 0.999999844298
120 0.784643367845 0.999999844298
121 0.00194705262476 0.999999532894
122 0.00185176304408 0.999998598683
123 0.752430351413 0.999997664471
124 0.00744718434859 0.999999649671
125 0.00358192288146 0.999999922149
126 0.681463280503 0.999999883224
127 0.00117578311842 1.0
128 0.000977029605788 0.999999766447
129 0.845443881288 0.999999610745
130 0.00130135672433 0.999998131577
131 0.00166445362325 0.999993771923
132 0.75067232093 0.999993149115
133 0.00467666314573 0.99999922149
134 0.00227114619041 1.0
135 0.00419149593431 1.0
136 0.0023934500558 1.0
137 0.73794306541 1.0
138 0.00065768494898 1.0
139 0.00228072185906 0.999998442981
140 0.711286583725 0.999997197365
141 0.00120762416295 0.999999377192
142 0.00155670788823 0.999995017538
143 0.814442537269 0.999988478057
144 0.00870685188138 0.999999532894
145 0.00178340989716 1.0
146 0.751835102938 1.0
147 0.000501671615912 1.0
148 0.00132876026387 1.0
149 0.803134217554 1.0
150 0.00121914610571 1.0
151 0.00164857202647 1.0
152 0.782375413544 1.0
153 0.00573457990374 1.0
154 0.00101245179468 1.0
155 0.794667847302 1.0
156 0.123912811279 0.986820220947
157 0.000390625 0.9986015625
===================================
Epoch 20
===================================
0 0.0473996181877 1.0
1 0.0482507043955 0.999972246131
2 0.279773128276 0.999972012578
3 0.223222265438 0.9999233168
4 0.0316720300791 1.0
5 0.0327135981346 0.999975554797
6 0.403281620571 0.999975282319
7 0.00060747107681 1.0
8 0.00142576256577 0.999999182565
9 0.375363096899 0.999999143639
10 0.136101060984 1.0
11 0.131660529545 0.999998900355
12 0.126777717045 1.0
13 0.132384290501 0.999998900355
14 0.414983652076 0.999998890624
15 0.266050650149 1.0
16 0.267024565716 1.0
17 0.622503825596 1.0
18 0.0223834757902 1.0
19 0.0175620877013 1.0
20 0.588459248445 1.0
21 0.0398622240339 1.0
22 0.018586041976 0.999998910086
23 0.172474783294 0.999998910086
24 0.113758437488 1.0
25 0.0955097821294 1.0
26 0.611196673646 1.0
27 0.00166970856336 1.0
28 0.00174678101832 1.0
29 0.614765790044 1.0
30 0.0497942554707 1.0
31 0.034020550397 0.999998910086
32 0.103655240974 0.999998910086
33 0.0152766169334 1.0
34 0.00992895632374 1.0
35 0.616605719742 1.0
36 0.000941296013034 1.0
37 0.00182303603815 1.0
38 0.623833403295 1.0
39 0.123639943648 1.0
40 0.113932317617 1.0
41 0.105847494943 1.0
42 0.113625506965 1.0
43 0.553588555784 1.0
44 0.013137505979 1.0
45 0.0120013490015 0.999998987937
46 0.496064789441 0.999998987937
47 0.00200069193937 1.0
48 0.00531667592574 0.999999844298
49 0.473007513552 0.999999766447
50 0.0671664452066 0.999999980537
51 0.0584072969398 1.0
52 0.426340862196 1.0
53 0.00117811864736 1.0
54 0.00220886541873 1.0
55 0.467502671845 1.0
56 0.00101229609275 1.0
57 0.0019973443479 1.0
58 0.526833436927 1.0
59 0.0312680224983 1.0
60 0.0197655035525 1.0
61 0.378595994443 1.0
62 0.00881086077009 1.0
63 0.00999022503288 1.0
64 0.533222198486 1.0
65 0.000948847556601 1.0
66 0.00156239100865 1.0
67 0.709758524992 1.0
68 0.0244778808282 1.0
69 0.0207590181 1.0
70 0.32233925255 1.0
71 0.000742581425881 1.0
72 0.00123168011101 1.0
73 0.774140610987 1.0
74 0.0011881614218 1.0
75 0.00188928720902 0.99999922149
76 0.514379228864 0.99999922149
77 0.0898573739188 1.0
78 0.0893017515844 1.0
79 0.0881226598 1.0
80 0.0899555829107 1.0
81 0.653623580933 1.0
82 0.00124016586615 1.0
83 0.00316510881696 1.0
84 0.524395222567 1.0
85 0.00154938989756 1.0
86 0.0022590792909 1.0
87 0.69242640904 1.0
88 0.0578372332515 0.999999961075
89 0.0493831245267 1.0
90 0.605445083307 1.0
91 0.0011226109096 1.0
92 0.00279048997529 1.0
93 0.535193618463 1.0
94 0.00121182811504 1.0
95 0.00219430728835 1.0
96 0.662656200175 1.0
97 0.0223948420311 0.999999922149
98 0.017784819311 1.0
99 0.614269840474 1.0
100 0.00122272725008 1.0
101 0.00238301802655 1.0
102 0.632685135822 1.0
103 0.00106936084981 1.0
104 0.00189520388233 1.0
105 0.699866314324 0.999999688596
106 0.010041723446 0.999999649671
107 0.00534244459503 1.0
108 0.630946062049 1.0
109 0.00122475137516 1.0
110 0.00197461186623 1.0
111 0.720532787089 1.0
112 0.00162537243901 1.0
113 0.0022260704819 1.0
114 0.698419220594 1.0
115 0.00776940949109 0.999999610745
116 0.00330461774554 1.0
117 0.67218414618 1.0
118 0.00139166384327 1.0
119 0.00159033950494 1.0
120 0.783240804867 1.0
121 0.00188601746851 1.0
122 0.00184506786113 1.0
123 0.750191669075 0.999999844298
124 0.00804624752123 1.0
125 0.00319068285884 1.0
126 0.693821770804 1.0
127 0.00121354083626 1.0
128 0.00096877740354 0.999999922149
129 0.849783138353 0.999999922149
130 0.00133280851403 1.0
131 0.00163269042969 0.999998754385
132 0.753064836775 0.999998131577
133 0.00474571695133 0.999999922149
134 0.00242715952348 1.0
135 0.00416969766422 1.0
136 0.00236067479971 1.0
137 0.739396075813 1.0
138 0.000684154276945 1.0
139 0.00235109913106 1.0
140 0.715796645807 1.0
141 0.00122506277902 1.0
142 0.00154923419563 0.999999688596
143 0.818540300642 0.999999377192
144 0.00886792552714 1.0
145 0.00167971241231 1.0
146 0.761850551683 1.0
147 0.000530009367028 1.0
148 0.00126803651148 1.0
149 0.814544366331 1.0
150 0.0012873435507 1.0
151 0.00159251933195 1.0
152 0.788638056541 1.0
153 0.00567190987723 1.0
154 0.00102576430963 1.0
155 0.797586791369 1.0
156 0.125499725342 0.985214233398
157 0.0004296875 0.998359375
===================================
Epoch 25
===================================
0 0.0475881634926 0.999999902686
1 0.0488311222621 0.999953581362
2 0.269484442108 0.999953036406
3 0.212111570397 0.999862048091
4 0.0460414886475 1.0
5 0.0484139578683 0.999945076144
6 0.40690336422 0.999943363423
7 0.000649549523178 1.0
8 0.00154199405592 0.999995328942
9 0.35444014413 0.999995251091
10 0.16027879715 0.999999980537
11 0.162560569997 0.999997460112
12 0.156825737077 0.99999978591
13 0.162006319786 0.999997460112
14 0.410211465797 0.999997333604
15 0.266330096186 1.0
16 0.266984238917 1.0
17 0.606064193103 1.0
18 0.0480134146554 1.0
19 0.0487748749402 1.0
20 0.572184776773 1.0
21 0.0505037307739 1.0
22 0.0237378976783 0.999997333604
23 0.165637463939 0.999997314142
24 0.125768817201 1.0
25 0.126672316571 0.999999883224
26 0.612247700594 0.999999883224
27 0.00179138962103 1.0
28 0.00216312797702 0.999999922149
29 0.632451232599 0.999999844298
30 0.0516054095054 0.999999970806
31 0.0321217167134 0.999997362799
32 0.102803395719 0.999997353067
33 0.0164650702963 1.0
34 0.0177715457216 1.0
35 0.629024135823 1.0
36 0.00101237394372 1.0
37 0.00172689009686 0.999999766447
38 0.638170436937 0.999999688596
39 0.135446120282 0.999999922149
40 0.124966037517 0.999999143639
41 0.121372728932 1.0
42 0.124298193017 0.999999143639
43 0.575461971517 0.999999026863
44 0.0258054927904 1.0
45 0.0279056782625 0.999984429807
46 0.534724099295 0.999984274105
47 0.00944246564593 0.999999766447
48 0.0128640155403 0.999997041663
49 0.498322623117 0.999996418856
50 0.0917589421175 0.999999844298
51 0.06977316798 0.999999902686
52 0.379723529426 0.999999902686
53 0.00122412856744 1.0
54 0.00222443561165 1.0
55 0.473428920824 1.0
56 0.00107013935945 1.0
57 0.00199438601124 0.999999844298
58 0.521682038599 0.999999844298
59 0.0336739287084 0.999999980537
60 0.0286448147832 0.999999961075
61 0.385222532311 0.999999941612
62 0.00881973578005 1.0
63 0.0100036932498 1.0
64 0.534289613062 1.0
65 0.000958033970424 1.0
66 0.00156355877312 0.999999766447
67 0.720433682812 0.999999688596
68 0.0253376279558 0.999999980537
69 0.0174884017633 0.999999941612
70 0.334744570207 0.999999941612
71 0.00077874319894 1.0
72 0.00118391854422 1.0
73 0.779098783221 1.0
74 0.00121463074976 1.0
75 0.00185487708267 0.999998754385
76 0.519925487285 0.999997975875
77 0.114140335394 0.999999805373
78 0.114646678068 1.0
79 0.111855098179 0.999999961075
80 0.114339711715 1.0
81 0.663545608521 1.0
82 0.00128609793527 1.0
83 0.00311995525749 1.0
84 0.5354871166 1.0
85 0.00154845568599 1.0
86 0.00223946084782 0.99999922149
87 0.691021043427 0.999998131577
88 0.0712069297323 0.999999104714
89 0.0660310083506 1.0
90 0.612564086914 1.0
91 0.00114814602599 1.0
92 0.00271793287628 1.0
93 0.536929227868 1.0
94 0.00119174256617 1.0
95 0.00214370416135 0.999999844298
96 0.652502410266 0.999999844298
97 0.0252391270229 0.999999805373
98 0.0207912678621 1.0
99 0.620525905064 1.0
100 0.00119252107581 1.0
101 0.00242334482621 1.0
102 0.643284700355 1.0
103 0.0010911591199 1.0
104 0.00190797144053 1.0
105 0.696062983299 0.999999065788
106 0.0117084347472 0.999999688596
107 0.00832771768375 1.0
108 0.629047160246 1.0
109 0.00127706722337 1.0
110 0.00202630490673 1.0
111 0.725976437938 1.0
112 0.0016471707091 0.999999844298
113 0.00222809460698 0.999999688596
114 0.694192847427 0.999999688596
115 0.00806551563496 0.999999493969
116 0.00363731384277 1.0
117 0.673931394305 1.0
118 0.00147527577926 1.0
119 0.00154829998406 1.0
120 0.781671640824 1.0
121 0.00185440997688 1.0
122 0.00183525863959 0.999999377192
123 0.75173280677 0.999999065788
124 0.00772234858299 0.999999610745
125 0.00329367968501 0.999999961075
126 0.699450940502 0.999999883224
127 0.00118722721022 1.0
128 0.000947835494061 0.999999844298
129 0.852202824184 0.999999766447
130 0.00136052345743 0.999998442981
131 0.00169216856665 0.9999919035
132 0.754546184929 0.999989412269
133 0.0049331820741 0.999999065788
134 0.00260738450654 1.0
135 0.00416821849589 1.0
136 0.00234938640984 1.0
137 0.743520697769 1.0
138 0.000742386798469 1.0
139 0.0023897132095 0.999999688596
140 0.716185589226 0.999998754385
141 0.00121136100925 0.999999377192
142 0.00160030442841 0.99999595175
143 0.818016830756 0.999989412269
144 0.00933339644452 0.999999455043
145 0.00160061583227 1.0
146 0.768062980808 1.0
147 0.000563952387596 1.0
148 0.00127893564652 0.999999688596
149 0.819255283901 0.999999688596
150 0.00122911102918 1.0
151 0.00158193160077 1.0
152 0.784018380301 1.0
153 0.00535676917251 1.0
154 0.00101696715063 1.0
155 0.79744315634 1.0
156 0.141101837158 0.985904693604
157 0.0004140625 0.9983203125
===================================
Epoch 30
===================================
0 0.0474895749773 1.0
1 0.048359958493 0.999975097423
2 0.279778324828 0.99997507796
3 0.221703548821 0.999927715379
4 0.0471659290547 1.0
5 0.0481965979751 0.999979174867
6 0.396621509474 0.999979135941
7 0.000652663561763 1.0
8 0.00158508456483 0.999999416118
9 0.357669324291 0.999999416118
10 0.173541789152 1.0
11 0.174177198994 0.999997888293
12 0.168468144475 0.999999970806
13 0.173258012655 0.999997888293
14 0.423550566848 0.999997820173
15 0.266305650984 1.0
16 0.266919972945 1.0
17 0.596591949463 1.0
18 0.0480326049182 1.0
19 0.0488480548469 1.0
20 0.522847467539 1.0
21 0.0477198192051 1.0
22 0.0220463908449 0.999997820173
23 0.166302680969 0.999997820173
24 0.1257546094 1.0
25 0.126698396644 0.999999961075
26 0.595241663407 0.999999961075
27 0.00185281403211 1.0
28 0.00201007298061 1.0
29 0.612118623695 1.0
30 0.0463648912858 1.0
31 0.0300158578522 0.999997849367
32 0.101440400493 0.999997849367
33 0.0164112947425 1.0
34 0.0174675766303 1.0
35 0.638150896345 1.0
36 0.000971112932478 1.0
37 0.00168407206633 0.999999922149
38 0.660364734883 0.999999922149
39 0.142029626029 0.999999980537
40 0.133707182748 0.999999669133
41 0.128608080806 1.0
42 0.13240530053 0.999999669133
43 0.58050648047 0.999999649671
44 0.0258814753318 1.0
45 0.0283440570442 0.999991047139
46 0.513559847462 0.999990891437
47 0.00995106599769 1.0
48 0.0131865520867 0.999998598683
49 0.499868276168 0.999998131577
50 0.094072867413 0.999999961075
51 0.0779174687911 0.999999922149
52 0.384556147517 0.999999922149
53 0.00121766693738 1.0
54 0.00215709452726 1.0
55 0.480597593346 1.0
56 0.00109699794224 1.0
57 0.00192260742188 0.999999766447
58 0.527329347572 0.999999688596
59 0.0356580773178 0.999999922149
60 0.0252501429344 0.999999941612
61 0.384151906383 0.999999941612
62 0.00879365570691 1.0
63 0.0100201198033 1.0
64 0.538810262875 1.0
65 0.000994468221859 1.0
66 0.00162786366988 0.999999844298
67 0.713344807528 0.999999610745
68 0.0245787562156 1.0
69 0.0201523839211 0.999999941612
70 0.349107567145 0.999999941612
71 0.000744566625478 1.0
72 0.00117593882035 1.0
73 0.779324044987 1.0
74 0.00116340481505 0.999999688596
75 0.00183416872608 0.999998287279
76 0.519118951291 0.999996107452
77 0.123681905318 0.999999766447
78 0.123558433688 1.0
79 0.12169137293 1.0
80 0.123406040425 1.0
81 0.669711521694 1.0
82 0.00127519880022 1.0
83 0.00300473582988 1.0
84 0.544597859285 1.0
85 0.00153397540657 1.0
86 0.00226468456035 0.999999065788
87 0.69534317328 0.999995328942
88 0.078307560512 0.99999957182
89 0.0731104247424 1.0
90 0.620167206745 1.0
91 0.00111856265944 1.0
92 0.0026743363361 1.0
93 0.548188034369 1.0
94 0.00121572066327 1.0
95 0.00214059012277 1.0
96 0.660269445303 1.0
97 0.0265312973334 0.999999805373
98 0.0214807160047 1.0
99 0.62859313342 1.0
100 0.00125651456872 1.0
101 0.00236106405453 1.0
102 0.647071371273 1.0
103 0.00119049695073 0.999999844298
104 0.00192899120097 0.999999532894
105 0.703033758669 0.999999065788
106 0.0120392234958 0.999999493969
107 0.00764161713269 1.0
108 0.631948509995 1.0
109 0.00125542465521 1.0
110 0.0020309759646 1.0
111 0.721265208964 1.0
112 0.00162879788146 1.0
113 0.00220255949059 1.0
114 0.694789341518 0.999999844298
115 0.00821907666265 0.999999649671
116 0.00465712255361 1.0
117 0.668033755555 1.0
118 0.00145954988441 1.0
119 0.00156869693678 1.0
120 0.788210810447 1.0
121 0.00188212492028 0.999999844298
122 0.0018688902563 1.0
123 0.746012162189 1.0
124 0.00791401765784 0.999999883224
125 0.00333930035027 1.0
126 0.69644277923 0.999999961075
127 0.00116324911312 1.0
128 0.000933355214644 0.999999922149
129 0.853171212333 0.999999844298
130 0.00135522959184 0.999999377192
131 0.00167722118144 0.999992214904
132 0.750610662966 0.999990969288
133 0.00464217516841 0.999999766447
134 0.00258519698162 1.0
135 0.00398098692602 1.0
136 0.00232011444715 1.0
137 0.743921785938 1.0
138 0.000709377989477 1.0
139 0.00229442362883 0.999999688596
140 0.716292089346 0.999999065788
141 0.00117990921955 1.0
142 0.00152712452168 0.999999688596
143 0.821099728954 0.999998754385
144 0.00881350770289 0.999999922149
145 0.00162763011699 1.0
146 0.769058461092 1.0
147 0.000529075155453 1.0
148 0.00115748814174 1.0
149 0.821919966717 1.0
150 0.00115094866071 1.0
151 0.00153771225287 1.0
152 0.795531603755 1.0
153 0.0053130169304 1.0
154 0.000970023018973 1.0
155 0.800666886933 1.0
156 0.140716552734 0.989555358887
157 0.0004921875 0.998578125
===================================
Epoch 35
===================================
0 0.0481497803513 0.999998890624
1 0.0488367275316 0.999708740079
2 0.278163014626 0.999704789142
3 0.209956967101 0.998974157839
4 0.0477025168283 0.999961113443
5 0.048651052981 0.999582913457
6 0.430995240503 0.999565864096
7 0.00146367598553 0.999986804261
8 0.00201902584154 0.999896458217
9 0.373964698947 0.999889062375
10 0.178034869992 0.999993528639
11 0.175291372805 0.999970056573
12 0.170794117207 0.999993956819
13 0.174408231463 0.999970056573
14 0.433749666019 0.999967273401
15 0.267303505722 0.999999026863
16 0.267449009175 0.999992682009
17 0.609718205977 0.999990852512
18 0.0494258257808 0.99999879331
19 0.0496235283054 0.99999836513
20 0.531788261569 0.999997664471
21 0.0904665285227 0.999998248353
22 0.0347887350588 0.999968295195
23 0.176131014921 0.999968110299
24 0.126720545243 0.999999844298
25 0.127406100838 0.999997236291
26 0.612821306501 0.999996613483
27 0.00350263167401 0.999997547695
28 0.00266997668208 0.999998248353
29 0.61705678823 0.999997703397
30 0.121867345304 0.999997391993
31 0.121948495203 0.999968382777
32 0.116502975931 0.999968304926
33 0.0174727147939 0.999999980537
34 0.018283552053 0.99999978591
35 0.648189272199 0.999999708059
36 0.00248461353536 0.999986921038
37 0.00264880121971 0.999985364019
38 0.589686802455 0.999961541623
39 0.152523507877 0.999991222304
40 0.133641223518 0.999988380744
41 0.13404083252 0.999996905424
42 0.133536105253 0.999988380744
43 0.571062905448 0.999986064677
44 0.0280592782157 0.999999455043
45 0.030321782949 0.999797898896
46 0.507007598877 0.999791982223
47 0.0127287105638 0.999975476946
48 0.0167058049416 0.999953133719
49 0.517648035166 0.999931024045
50 0.152609747283 0.999985052615
51 0.0855281401654 0.999994297417
52 0.363302444925 0.999993869237
53 0.00251108286332 0.99999836513
54 0.00317421737982 0.999988010951
55 0.499452240613 0.999984351956
56 0.00224343124701 0.999994472582
57 0.00275678050761 0.99998629823
58 0.517909147301 0.999978902389
59 0.0620659419468 0.999987680085
60 0.0277051925659 0.999994355805
61 0.36229886814 0.999994063864
62 0.00990746945751 0.999999766447
63 0.0109034168477 0.999998520832
64 0.560749053955 0.99999680811
65 0.00239640839246 0.999993849774
66 0.00232462980309 0.999992993413
67 0.682107419384 0.999985908975
68 0.0481306582081 0.999992312217
69 0.0298119369818 0.999994336342
70 0.332046664491 0.999994277954
71 0.00163319646096 0.999998715459
72 0.00183669888243 0.999997547695
73 0.756389773622 0.999995134315
74 0.00241602683554 0.999979758749
75 0.0026540950853 0.999921370526
76 0.494370285346 0.999874348543
77 0.129294609537 0.999949396873
78 0.124720670739 0.999991747798
79 0.126457876089 0.999992565233
80 0.125710896083 0.999991747798
81 0.650111062186 0.999991202841
82 0.0027660447724 0.999999532894
83 0.00427837761081 0.999996574558
84 0.546734401158 0.999990657884
85 0.00327519008092 0.999977578922
86 0.00323922293527 0.999966835489
87 0.684201298928 0.999909381477
88 0.0943499195332 0.999927598603
89 0.0849924282152 0.999992370605
90 0.584893285012 0.9999919035
91 0.00247581637636 0.999998754385
92 0.00375303930166 0.999979291643
93 0.558204339475 0.99996449996
94 0.00272353814573 0.999977111816
95 0.00302342006138 0.999967925403
96 0.650001058773 0.999940366161
97 0.034946091321 0.999916426989
98 0.0247075217111 0.999993343743
99 0.610076592893 0.999992214904
100 0.00262124197824 0.999996574558
101 0.00335895771883 0.99997742322
102 0.662487730688 0.999964967066
103 0.002667952557 0.999958738989
104 0.00271777717435 0.99996854821
105 0.682458527234 0.999928844218
106 0.02128542686 0.999935772954
107 0.0112801376654 0.999993771923
108 0.618153864024 0.999992954488
109 0.00269815873127 0.999994394731
110 0.00290804493184 0.999986142528
111 0.717608393455 0.999960140306
112 0.00345891835738 0.999955936354
113 0.00317460663465 0.999980070153
114 0.688225259586 0.999949552575
115 0.0166219205272 0.999918606817
116 0.00642301598374 0.999994083327
117 0.659425618697 0.999993499444
118 0.00302497708068 0.999985831124
119 0.00226624157964 0.999985986826
120 0.787556395239 0.999962320133
121 0.00387355259487 0.999939743353
122 0.00264428586376 0.999978824538
123 0.739170463718 0.999943013094
124 0.0159870069854 0.999943635902
125 0.00446759438028 0.999995134315
126 0.703673537897 0.999992876637
127 0.00263984835878 0.999961463773
128 0.00139135243941 0.999978668836
129 0.852598929892 0.999947995556
130 0.00305954290896 0.999784819934
131 0.00253856425383 0.999865784937
132 0.739652983996 0.999818762954
133 0.0113370467205 0.999946282834
134 0.00284335078025 1.0
135 0.0098775746871 0.999996574558
136 0.00296534324179 1.0
137 0.673796517508 1.0
138 0.000926115074936 1.0
139 0.00309161750638 0.999981938576
140 0.747532435826 0.999955780652
141 0.00266312579719 0.999861736687
142 0.00212439712213 0.999914363939
143 0.82426639479 0.999724096181
144 0.0203843408701 0.999913118324
145 0.00295428840482 1.0
146 0.633066916952 1.0
147 0.000618759466677 1.0
148 0.00160435267857 0.999954223633
149 0.834530265964 0.999903464804
150 0.00240185795998 0.999951109594
151 0.00241244569117 0.999985052615
152 0.793791790398 0.999975087691
153 0.0129946494589 0.999987777399
154 0.00155079121492 1.0
155 0.646620692039 1.0
156 0.0418243408203 0.99471282959
157 0.0004140625 0.9985625
===================================
Epoch 40
===================================
0 0.0480841811822 0.999997596351
1 0.048887525286 0.999481220635
2 0.273691138443 0.999471654697
3 0.204228887753 0.998068361866
4 0.0476331126933 0.999796770057
5 0.0489746794409 0.999088481981
6 0.419937250566 0.999030638714
7 0.0017151346012 0.999934644115
8 0.00218636648996 0.999749709149
9 0.372775252984 0.999731647725
10 0.180292645279 0.999972197474
11 0.17490685716 0.999951401535
12 0.172737627613 0.99998658044
13 0.174567650776 0.999951401535
14 0.433007327878 0.999945066413
15 0.267481200549 0.999993188041
16 0.267726275386 0.999984780136
17 0.60984673792 0.99998388485
18 0.0499472715417 0.999997625546
19 0.0499372676927 0.999996418856
20 0.533492107781 0.999995251091
21 0.114763902158 0.999995727928
22 0.0304780687605 0.999947518718
23 0.178451722982 0.999947148926
24 0.127062778084 0.999999727522
25 0.127589673412 0.999995873899
26 0.617995554087 0.999995367868
27 0.00430399057816 0.999994706134
28 0.00294280538754 0.999997664471
29 0.617966788156 0.999996029601
30 0.145267875827 0.9999909109
31 0.140931440859 0.999947693883
32 0.122067675299 0.999947275434
33 0.0177738617878 0.999999961075
34 0.018376038999 0.999999805373
35 0.654210946998 0.999999610745
36 0.00309862409319 0.999961697325
37 0.00309589930943 0.999969482422
38 0.602055140904 0.999937641377
39 0.16441822052 0.999967536148
40 0.134493769432 0.999977520534
41 0.136583522874 0.999992370605
42 0.133924309088 0.999977520534
43 0.575928045779 0.999972265594
44 0.0289772189393 0.999993149115
45 0.0305491856166 0.999621644312
46 0.518301827567 0.999603660739
47 0.0130988919005 0.99995476859
48 0.0169812416544 0.9999314133
49 0.512679353052 0.999914052535
50 0.205795774654 0.999972615923
51 0.0836576345016 0.999993888699
52 0.36030675927 0.99999332428
53 0.00315529959542 0.999996730259
54 0.00350508397939 0.999974075629
55 0.506592341832 0.999969248869
56 0.00291629713409 0.99998949012
57 0.00306584883709 0.99998466336
58 0.512562265201 0.999975632648
59 0.0817860973125 0.999974542735
60 0.0576277363057 0.999994569895
61 0.369475306297 0.999994277954
62 0.0105745743732 0.999998287279
63 0.011160169329 0.999997508769
64 0.560403084268 0.999993849774
65 0.00291684209084 0.999981627172
66 0.00261937355509 0.999986064677
67 0.690147789157 0.999973686374
68 0.0728671210153 0.999972635386
69 0.0605914057518 0.999995290017
70 0.33761598626 0.99999517324
71 0.00215682204889 0.999992954488
72 0.00202965249821 0.999994511507
73 0.766373186695 0.999986882112
74 0.00322147291534 0.999921214824
75 0.00304615254305 0.999866874851
76 0.491242856395 0.999785131338
77 0.132591675739 0.999886142964
78 0.127231130795 0.999993655146
79 0.129745600175 0.999985908975
80 0.127718555684 0.999993655146
81 0.64851297651 0.999993226966
82 0.00332984145807 0.999999532894
83 0.00443532515545 0.999993460519
84 0.566927540059 0.99998785525
85 0.0039403487225 0.999964967066
86 0.00337608493104 0.999965589874
87 0.692116250797 0.999919813506
88 0.100920540946 0.999865317831
89 0.0818307837661 0.999993499444
90 0.592289515904 0.999992370605
91 0.00294743751993 0.999988789461
92 0.00400839046556 0.999963565749
93 0.575054246552 0.999914363939
94 0.00332049934232 0.999929155622
95 0.0033086659957 0.999931802555
96 0.656250311404 0.999857221331
97 0.0389415585265 0.999826275572
98 0.0244882544693 0.999995056464
99 0.612510175121 0.999994044401
100 0.00318908691406 0.999992059202
101 0.00355576495735 0.999979447345
102 0.671674300213 0.999959206095
103 0.00328982606226 0.999915453852
104 0.002964876136 0.999955002142
105 0.689043784628 0.999895368304
106 0.0263145213224 0.999843830965
107 0.0117459589121 0.999995290017
108 0.614436519389 0.999994472582
109 0.00322365274235 0.999985208317
110 0.00309255171795 0.999978824538
111 0.725614898059 0.999953445123
112 0.00422107930086 0.999908135862
113 0.00340582399952 0.999966835489
114 0.692902389838 0.999927287199
115 0.0203417563925 0.999834955955
116 0.00671670874771 0.999996224228
117 0.66228609669 0.999995679271
118 0.00357102374641 0.999984585509
119 0.00246771987604 0.999988789461
120 0.784054658851 0.999979135941
121 0.0044990072445 0.999893966986
122 0.00279952068718 0.99997415348
123 0.739699071767 0.999921059122
124 0.0183970782222 0.999892176414
125 0.00509273762606 0.999996847036
126 0.710651242003 0.999994239029
127 0.00333840506417 0.999940988969
128 0.00157017610511 0.999981315768
129 0.851033814099 0.999948540512
130 0.00395700882892 0.999474038883
131 0.00285495057398 0.999764890087
132 0.740201054787 0.999638148717
133 0.0153734635334 0.999823122608
134 0.00304451767279 1.0
135 0.0124251696528 0.999975710499
136 0.00307464599609 1.0
137 0.664460474131 1.0
138 0.000991821289062 1.0
139 0.00294307786591 0.99991685517
140 0.760787963867 0.999788245376
141 0.00309628856425 0.999599846042
142 0.00223307706872 0.999812846281
143 0.822156010842 0.999299029915
144 0.0247708534708 0.999775789222
145 0.00310835546377 1.0
146 0.615023788141 1.0
147 0.000729307836416 1.0
148 0.00168967733578 0.999887583207
149 0.832949268575 0.999764267279
150 0.00298667440609 0.999910938496
151 0.00261734943001 0.999995328942
152 0.785668509347 0.999995328942
153 0.0177328148667 0.999985286168
154 0.00179617745536 1.0
155 0.594719633764 1.0
156 0.0248756408691 0.996520996094
157 0.0004140625 0.9987265625
===================================
Epoch 45
===================================
0 0.0480076926095 0.999998764116
1 0.0489948914976 0.999618588662
2 0.272279690723 0.999612876347
3 0.202546061302 0.998638814809
4 0.0477712203045 0.999910354614
5 0.0488965559979 0.999428184665
6 0.411434212509 0.99939591544
7 0.00176554310079 0.999968664987
8 0.00208480990663 0.999859634711
9 0.370223843322 0.999849786564
10 0.181125728451 0.999984984495
11 0.178748237843 0.99996812003
12 0.173368434517 0.999993849774
13 0.178333730114 0.99996812003
14 0.435589800076 0.999965959666
15 0.267636980329 0.999995873899
16 0.267646127818 0.999992175978
17 0.613504176237 0.999991163916
18 0.050121463075 0.999998326204
19 0.0499812924132 0.999997314142
20 0.528809605813 0.999996107452
21 0.106033724182 0.999997061126
22 0.0284385583839 0.999967730775
23 0.183913065463 0.99996734152
24 0.12730423285 0.999998910086
25 0.127584574174 0.999996924887
26 0.618854367003 0.99999552357
27 0.00457168111996 0.999997119514
28 0.00292159099968 0.999998326204
29 0.609460597136 0.999997664471
30 0.15164579664 0.999997353067
31 0.121496414652 0.999968022716
32 0.115036477848 0.999968003254
33 0.0179389836837 0.999999863761
34 0.0183333961331 0.999999669133
35 0.654051410909 0.999999630208
36 0.00333388970823 0.999983573446
37 0.00310524142518 0.999989178716
38 0.608342462656 0.999978590985
39 0.169183302899 0.999982502996
40 0.135885141334 0.999994453119
41 0.137871722786 0.999998676534
42 0.135931287493 0.999994453119
43 0.576920781817 0.999993363205
44 0.0291691215671 0.999999688596
45 0.0292328815071 0.999807007459
46 0.521454791633 0.999802336401
47 0.0133669327716 0.999987465995
48 0.0182119875538 0.999978357432
49 0.506421147561 0.999966212681
50 0.220364239751 0.999983515058
51 0.0772860001545 0.99999836513
52 0.360923825478 0.999998306742
53 0.00314626888353 1.0
54 0.00331279209682 0.999993694072
55 0.508393735302 0.999993226966
56 0.00297110421317 0.999997820173
57 0.00307254402005 0.999997197365
58 0.519662039621 0.999994706134
59 0.0840152234447 0.999987543846
60 0.04768328764 0.999998423518
61 0.379454593269 0.999998345667
62 0.0105814252581 0.999999610745
63 0.0111726254833 0.999999377192
64 0.570812692448 0.999998910086
65 0.00302116238341 0.999992137053
66 0.00264413016183 0.999996107452
67 0.686734647167 0.999992604158
68 0.0737987051205 0.999986745873
69 0.0456096104213 0.999998657071
70 0.345157642754 0.999998598683
71 0.00216624201561 0.999998287279
72 0.00204502806372 0.99999879331
73 0.768957293763 0.999996613483
74 0.00336035903619 0.999969949528
75 0.00306701660156 0.999936317911
76 0.48106757962 0.999898482342
77 0.133760335494 0.999904671494
78 0.128841789401 0.999997353067
79 0.131100946543 0.999991592096
80 0.129731392374 0.999997353067
81 0.649079809383 0.999996924887
82 0.00323112643495 1.0
83 0.0042852284957 0.999999844298
84 0.578957693917 0.99999922149
85 0.00402972162986 0.999974620586
86 0.00339835030692 0.999980848663
87 0.692448051608 0.999932425363
88 0.0992879672926 0.999874932425
89 0.0797673439493 0.999997197365
90 0.589019736465 0.999996847036
91 0.00301828189772 0.999999065788
92 0.00390157894212 0.999991747798
93 0.579238580198 0.999985831124
94 0.00330570765904 0.999974776287
95 0.0033598919304 0.99997337497
96 0.651765628737 0.999958271883
97 0.0383870261056 0.999862554122
98 0.0243789906404 0.999997664471
99 0.615261817465 0.999996963812
100 0.00321244220344 0.999998131577
101 0.00340333276865 0.999989567971
102 0.679361771564 0.99997898024
103 0.00334416603555 0.999940366161
104 0.00303478630222 0.999972752162
105 0.689327940649 0.999926664391
106 0.0264579617247 0.999861931314
107 0.0142726119684 0.999997391993
108 0.613693509783 0.999996769185
109 0.00326429094587 0.999997664471
110 0.00302793541733 0.999992993413
111 0.728999858 0.999986453932
112 0.0042095573581 0.999932269661
113 0.00341205207669 0.999983806999
114 0.690616841219 0.999969482422
115 0.0200171567956 0.999854418696
116 0.00728622747927 0.999997391993
117 0.666144273719 0.999997041663
118 0.00348756751236 0.999988945163
119 0.00238737768056 0.9999919035
120 0.789997022979 0.999983495596
121 0.00452687788983 0.999921993333
122 0.00280076630261 0.999981782874
123 0.741394510075 0.99995235521
124 0.0182225363595 0.999911833783
125 0.00480885408363 0.999997314142
126 0.717119333695 0.999996341005
127 0.00339445775869 0.999927910007
128 0.00161447330397 0.999981082216
129 0.851792938855 0.999956247758
130 0.00404544752471 0.999403661611
131 0.00289792430644 0.99976271026
132 0.740163063516 0.999682679468
133 0.0159970497598 0.999796964684
134 0.00298231475207 1.0
135 0.0123163340043 0.999970416633
136 0.00314081931601 1.0
137 0.672497340611 0.999999922149
138 0.00101517657844 1.0
139 0.00289667869101 0.999939899055
140 0.766728926678 0.999843986667
141 0.00300878408004 0.999696692642
142 0.00223183145328 0.99985955686
143 0.820071473414 0.999521995077
144 0.023826910525 0.999794940559
145 0.003008861931 1.0
146 0.624739199269 1.0
147 0.000732733278858 0.999998754385
148 0.00166445362325 0.999897548131
149 0.832245184451 0.999780771684
150 0.00311310437261 0.999912495516
151 0.00254572654257 0.999988789461
152 0.780826802156 0.999985364019
153 0.017287740902 0.999987388144
154 0.00185799112125 1.0
155 0.58092234086 1.0
156 0.0241432189941 0.996814727783
157 0.0002890625 0.998703125
